Using pre-set license
Built from '2020.3/release' branch; Version is '2020.3.12f1 (b3b2c6512326) revision 11776710'; Using compiler version '192528614'; Build Type 'Release'
OS: 'Windows 10 Pro; OS build 19045.2728; Version 2009; 64bit' Language: 'en' Physical Memory: 16233 MB
BatchMode: 1, IsHumanControllingUs: 0, StartBugReporterOnCrash: 0, Is64bit: 1, IsPro: 0

 COMMAND LINE ARGUMENTS:
C:\Program Files\Unity\Hub\Editor\2020.3.12f1\Editor\Unity.exe
-adb2
-batchMode
-noUpm
-name
AssetImportWorker0
-projectPath
D:/Unity Games Editor/Zombie Runner
-logFile
Logs/AssetImportWorker0.log
-srvPort
54359
Successfully changed project path to: D:/Unity Games Editor/Zombie Runner
D:/Unity Games Editor/Zombie Runner
Using Asset Import Pipeline V2.
Refreshing native plugins compatible for Editor in 45.68 ms, found 2 plugins.
Preloading 0 native plugins for Editor in 0.00 ms.
Initialize engine version: 2020.3.12f1 (b3b2c6512326)
[Subsystems] Discovering subsystems at path C:/Program Files/Unity/Hub/Editor/2020.3.12f1/Editor/Data/Resources/UnitySubsystems
[Subsystems] Discovering subsystems at path D:/Unity Games Editor/Zombie Runner/Assets
GfxDevice: creating device client; threaded=0
Direct3D:
    Version:  Direct3D 11.0 [level 11.1]
    Renderer: Intel(R) UHD Graphics 630 (ID=0x9bc5)
    Vendor:   
    VRAM:     8116 MB
    Driver:   30.0.101.1273
Initialize mono
Mono path[0] = 'C:/Program Files/Unity/Hub/Editor/2020.3.12f1/Editor/Data/Managed'
Mono path[1] = 'C:/Program Files/Unity/Hub/Editor/2020.3.12f1/Editor/Data/MonoBleedingEdge/lib/mono/unityjit'
Mono config path = 'C:/Program Files/Unity/Hub/Editor/2020.3.12f1/Editor/Data/MonoBleedingEdge/etc'
Using monoOptions --debugger-agent=transport=dt_socket,embedding=1,server=y,suspend=n,address=127.0.0.1:56240
Begin MonoManager ReloadAssembly
Registering precompiled unity dll's ...
Register platform support module: C:/Program Files/Unity/Hub/Editor/2020.3.12f1/Editor/Data/PlaybackEngines/WebGLSupport/UnityEditor.WebGL.Extensions.dll
Register platform support module: C:/Program Files/Unity/Hub/Editor/2020.3.12f1/Editor/Data/PlaybackEngines/MacStandaloneSupport/UnityEditor.OSXStandalone.Extensions.dll
Register platform support module: C:/Program Files/Unity/Hub/Editor/2020.3.12f1/Editor/Data/PlaybackEngines/WindowsStandaloneSupport/UnityEditor.WindowsStandalone.Extensions.dll
Register platform support module: C:/Program Files/Unity/Hub/Editor/2020.3.12f1/Editor/Data/PlaybackEngines/LinuxStandaloneSupport/UnityEditor.LinuxStandalone.Extensions.dll
Registered in 0.002593 seconds.
Native extension for LinuxStandalone target not found
Native extension for WindowsStandalone target not found
Native extension for OSXStandalone target not found
Native extension for WebGL target not found
Refreshing native plugins compatible for Editor in 44.32 ms, found 2 plugins.
Preloading 0 native plugins for Editor in 0.00 ms.
Mono: successfully reloaded assembly
- Completed reload, in  1.510 seconds
Platform modules already initialized, skipping
Registering precompiled user dll's ...
Registered in 0.002385 seconds.
Begin MonoManager ReloadAssembly
Native extension for LinuxStandalone target not found
Native extension for WindowsStandalone target not found
Native extension for OSXStandalone target not found
Native extension for WebGL target not found
Refreshing native plugins compatible for Editor in 0.82 ms, found 2 plugins.
Preloading 0 native plugins for Editor in 0.00 ms.
Mono: successfully reloaded assembly
- Completed reload, in  0.909 seconds
Platform modules already initialized, skipping
========================================================================
Worker process is ready to serve import requests
Launched and connected shader compiler UnityShaderCompiler.exe after 0.06 seconds
Refreshing native plugins compatible for Editor in 1.04 ms, found 2 plugins.
Preloading 0 native plugins for Editor in 0.00 ms.
Unloading 2086 Unused Serialized files (Serialized files now loaded: 0)
System memory in use before: 103.1 MB.
System memory in use after: 102.8 MB.

Unloading 85 unused Assets to reduce memory usage. Loaded Objects now: 2517.
Total: 2.734100 ms (FindLiveObjects: 0.303300 ms CreateObjectMapping: 0.133700 ms MarkObjects: 1.941000 ms  DeleteObjects: 0.355100 ms)

AssetImportParameters requested are different than current active one (requested -> active):
  custom:framework-win-MediaFoundation: 216162199b28c13a410421893ffa2e32 -> 
  custom:video-decoder-ogg-theora: a1e56fd34408186e4bbccfd4996cb3dc -> 
  custom:container-muxer-webm: aa71ff27fc2769a1b78a27578f13a17b -> 
  custom:container-demuxer-webm: 4f35f7cbe854078d1ac9338744f61a02 -> 
  custom:container-demuxer-ogg: 62fdf1f143b41e24485cea50d1cbac27 -> 
  custom:video-encoder-webm-vp8: eb34c28f22e8b96e1ab97ce403110664 -> 
  custom:video-decoder-webm-vp8: 9c59270c3fd7afecdb556c50c9e8de78 -> 
  custom:audio-decoder-ogg-vorbis: bf7c407c2cedff20999df2af8eb42d56 -> 
  custom:audio-encoder-webm-vorbis: bf7c407c2cedff20999df2af8eb42d56 -> 
========================================================================
Received Import Request.
  path: Assets/Scenes/Sky.mat
  artifactKey: Guid(5acb96e770116fd44bedc1800c9586ea) Importer(815301076,1909f56bfc062723c751e8b465ee728b)
Start importing Assets/Scenes/Sky.mat using Guid(5acb96e770116fd44bedc1800c9586ea) Importer(815301076,1909f56bfc062723c751e8b465ee728b)  -> (artifact id: '31908fb2edcd5d36fceca4aaefdb41f2') in 0.179625 seconds 
  Import took 0.182378 seconds .

========================================================================
Received Import Request.
  Time since last request: 0.000228 seconds.
  path: Assets/Scenes
  artifactKey: Guid(047ca31fc7861914e8020d60fe46131a) Importer(815301076,1909f56bfc062723c751e8b465ee728b)
Start importing Assets/Scenes using Guid(047ca31fc7861914e8020d60fe46131a) Importer(815301076,1909f56bfc062723c751e8b465ee728b)  -> (artifact id: 'c8995c99f35847428360c9848f93896d') in 0.001045 seconds 
  Import took 0.003287 seconds .

========================================================================
Received Import Request.
  Time since last request: 0.000218 seconds.
  path: Assets/Scenes/ZR-Level-Plan.jpg
  artifactKey: Guid(62b5dd559f32fa443a9da1ff83a327d8) Importer(815301076,1909f56bfc062723c751e8b465ee728b)
Start importing Assets/Scenes/ZR-Level-Plan.jpg using Guid(62b5dd559f32fa443a9da1ff83a327d8) Importer(815301076,1909f56bfc062723c751e8b465ee728b)  -> (artifact id: '947506fce4527faaa4df7bda4859001b') in 0.046807 seconds 
  Import took 0.049277 seconds .

========================================================================
Received Import Request.
  Time since last request: 0.000167 seconds.
  path: Assets/Scenes/Level 1.unity
  artifactKey: Guid(8d1ebaaef36d01d46934e09a46c938d6) Importer(815301076,1909f56bfc062723c751e8b465ee728b)
Start importing Assets/Scenes/Level 1.unity using Guid(8d1ebaaef36d01d46934e09a46c938d6) Importer(815301076,1909f56bfc062723c751e8b465ee728b)  -> (artifact id: '3f92e1205010a5d08676fff8bf077b55') in 0.001350 seconds 
  Import took 0.003737 seconds .

========================================================================
Received Import Request.
  Time since last request: 0.000206 seconds.
  path: Assets/Scenes/Game Icon.png
  artifactKey: Guid(5aeecc14bc76925408eb918f1014a14d) Importer(815301076,1909f56bfc062723c751e8b465ee728b)
Start importing Assets/Scenes/Game Icon.png using Guid(5aeecc14bc76925408eb918f1014a14d) Importer(815301076,1909f56bfc062723c751e8b465ee728b)  -> (artifact id: 'f96bb57a645f1421928aa2d7ade1b550') in 0.006350 seconds 
  Import took 0.009108 seconds .

========================================================================
Received Import Request.
  Time since last request: 0.000252 seconds.
  path: Assets/Scenes/Horror Game Audio.mp3
  artifactKey: Guid(5b0880d43e5fc614bbb2c90c0660013b) Importer(815301076,1909f56bfc062723c751e8b465ee728b)
Start importing Assets/Scenes/Horror Game Audio.mp3 using Guid(5b0880d43e5fc614bbb2c90c0660013b) Importer(815301076,1909f56bfc062723c751e8b465ee728b)  -> (artifact id: '4c2f4d629e353dde4f2387542d5be296') in 0.033699 seconds 
  Import took 0.036709 seconds .

========================================================================
Received Prepare
Registering precompiled user dll's ...
Registered in 0.002108 seconds.
Begin MonoManager ReloadAssembly
Native extension for LinuxStandalone target not found
Native extension for WindowsStandalone target not found
Native extension for OSXStandalone target not found
Native extension for WebGL target not found
Refreshing native plugins compatible for Editor in 0.60 ms, found 2 plugins.
Preloading 0 native plugins for Editor in 0.00 ms.
Warning: Annotation not found!
UnityEngine.StackTraceUtility:ExtractStackTrace ()
UnityEditor.ProBuilder.EditorUtility:SetGizmoIconEnabled (System.Type,bool) (at Library/PackageCache/com.unity.probuilder@4.5.0/Editor/EditorCore/EditorUtility.cs:593)
UnityEditor.ProBuilder.HierarchyListener:.cctor () (at Library/PackageCache/com.unity.probuilder@4.5.0/Editor/EditorCore/HierarchyListener.cs:21)
System.Runtime.CompilerServices.RuntimeHelpers:RunClassConstructor (System.RuntimeTypeHandle)
UnityEditor.EditorAssemblies:ProcessInitializeOnLoadAttributes (System.Type[])

[Library/PackageCache/com.unity.probuilder@4.5.0/Editor/EditorCore/EditorUtility.cs line 593]

Mono: successfully reloaded assembly
- Completed reload, in  0.845 seconds
Platform modules already initialized, skipping
Refreshing native plugins compatible for Editor in 1.31 ms, found 2 plugins.
Preloading 0 native plugins for Editor in 0.00 ms.
Unloading 2020 Unused Serialized files (Serialized files now loaded: 0)
System memory in use before: 100.2 MB.
System memory in use after: 99.9 MB.

Unloading 19 unused Assets to reduce memory usage. Loaded Objects now: 2565.
Total: 3.372600 ms (FindLiveObjects: 0.539000 ms CreateObjectMapping: 0.261300 ms MarkObjects: 2.252200 ms  DeleteObjects: 0.318200 ms)

AssetImportParameters requested are different than current active one (requested -> active):
  custom:framework-win-MediaFoundation: 216162199b28c13a410421893ffa2e32 -> 
  custom:video-decoder-ogg-theora: a1e56fd34408186e4bbccfd4996cb3dc -> 
  custom:container-muxer-webm: aa71ff27fc2769a1b78a27578f13a17b -> 
  custom:container-demuxer-webm: 4f35f7cbe854078d1ac9338744f61a02 -> 
  custom:container-demuxer-ogg: 62fdf1f143b41e24485cea50d1cbac27 -> 
  custom:video-encoder-webm-vp8: eb34c28f22e8b96e1ab97ce403110664 -> 
  custom:video-decoder-webm-vp8: 9c59270c3fd7afecdb556c50c9e8de78 -> 
  custom:audio-decoder-ogg-vorbis: bf7c407c2cedff20999df2af8eb42d56 -> 
  custom:audio-encoder-webm-vorbis: bf7c407c2cedff20999df2af8eb42d56 -> 
========================================================================
Received Prepare
Registering precompiled user dll's ...
Registered in 0.002282 seconds.
Begin MonoManager ReloadAssembly
Native extension for LinuxStandalone target not found
Native extension for WindowsStandalone target not found
Native extension for OSXStandalone target not found
Native extension for WebGL target not found
Refreshing native plugins compatible for Editor in 0.58 ms, found 2 plugins.
Preloading 0 native plugins for Editor in 0.00 ms.
Warning: Annotation not found!
UnityEngine.StackTraceUtility:ExtractStackTrace ()
UnityEditor.ProBuilder.EditorUtility:SetGizmoIconEnabled (System.Type,bool) (at Library/PackageCache/com.unity.probuilder@4.5.0/Editor/EditorCore/EditorUtility.cs:593)
UnityEditor.ProBuilder.HierarchyListener:.cctor () (at Library/PackageCache/com.unity.probuilder@4.5.0/Editor/EditorCore/HierarchyListener.cs:21)
System.Runtime.CompilerServices.RuntimeHelpers:RunClassConstructor (System.RuntimeTypeHandle)
UnityEditor.EditorAssemblies:ProcessInitializeOnLoadAttributes (System.Type[])

[Library/PackageCache/com.unity.probuilder@4.5.0/Editor/EditorCore/EditorUtility.cs line 593]

Mono: successfully reloaded assembly
- Completed reload, in  0.777 seconds
Platform modules already initialized, skipping
Refreshing native plugins compatible for Editor in 1.06 ms, found 2 plugins.
Preloading 0 native plugins for Editor in 0.00 ms.
Unloading 2020 Unused Serialized files (Serialized files now loaded: 0)
System memory in use before: 100.2 MB.
System memory in use after: 99.9 MB.

Unloading 19 unused Assets to reduce memory usage. Loaded Objects now: 2568.
Total: 2.713900 ms (FindLiveObjects: 0.201700 ms CreateObjectMapping: 0.066900 ms MarkObjects: 2.130000 ms  DeleteObjects: 0.314400 ms)

AssetImportParameters requested are different than current active one (requested -> active):
  custom:framework-win-MediaFoundation: 216162199b28c13a410421893ffa2e32 -> 
  custom:video-decoder-ogg-theora: a1e56fd34408186e4bbccfd4996cb3dc -> 
  custom:container-muxer-webm: aa71ff27fc2769a1b78a27578f13a17b -> 
  custom:container-demuxer-webm: 4f35f7cbe854078d1ac9338744f61a02 -> 
  custom:container-demuxer-ogg: 62fdf1f143b41e24485cea50d1cbac27 -> 
  custom:video-encoder-webm-vp8: eb34c28f22e8b96e1ab97ce403110664 -> 
  custom:video-decoder-webm-vp8: 9c59270c3fd7afecdb556c50c9e8de78 -> 
  custom:audio-decoder-ogg-vorbis: bf7c407c2cedff20999df2af8eb42d56 -> 
  custom:audio-encoder-webm-vorbis: bf7c407c2cedff20999df2af8eb42d56 -> 
========================================================================
Received Import Request.
  Time since last request: 450.818777 seconds.
  path: Assets/Imported Assets/CursorsAndCrosshairs/ChrosshairCanvas.prefab
  artifactKey: Guid(462cf48aa34dbd544b2b0758115215ff) Importer(815301076,1909f56bfc062723c751e8b465ee728b)
Start importing Assets/Imported Assets/CursorsAndCrosshairs/ChrosshairCanvas.prefab using Guid(462cf48aa34dbd544b2b0758115215ff) Importer(815301076,1909f56bfc062723c751e8b465ee728b)  -> (artifact id: 'c532440baaee8615112a7f867c41be18') in 0.048107 seconds 
  Import took 0.051304 seconds .

========================================================================
Received Import Request.
  Time since last request: 0.000248 seconds.
  path: Assets/Imported Assets/CursorsAndCrosshairs/CursorManager.prefab
  artifactKey: Guid(8ac07f1e06d5288448acce13fda2318f) Importer(815301076,1909f56bfc062723c751e8b465ee728b)
Start importing Assets/Imported Assets/CursorsAndCrosshairs/CursorManager.prefab using Guid(8ac07f1e06d5288448acce13fda2318f) Importer(815301076,1909f56bfc062723c751e8b465ee728b)  -> (artifact id: 'b9ab675bccefa31c1e541c9c4f225bc3') in 0.002762 seconds 
  Import took 0.005490 seconds .

========================================================================
Received Import Request.
  Time since last request: 19.923980 seconds.
  path: Assets/Prefabs/Battery1.prefab
  artifactKey: Guid(48567685ee489084a9c97901c571340a) Importer(815301076,1909f56bfc062723c751e8b465ee728b)
Start importing Assets/Prefabs/Battery1.prefab using Guid(48567685ee489084a9c97901c571340a) Importer(815301076,1909f56bfc062723c751e8b465ee728b)  -> (artifact id: 'bc0bdda3ed1918ff28bc1b643d88f5c8') in 0.009296 seconds 
  Import took 0.012407 seconds .

========================================================================
Received Import Request.
  Time since last request: 1.864458 seconds.
  path: Assets/ProBuilder Data/Default Color Palette.asset
  artifactKey: Guid(44b89afb0482ec94ca0913764a991bcf) Importer(815301076,1909f56bfc062723c751e8b465ee728b)
Start importing Assets/ProBuilder Data/Default Color Palette.asset using Guid(44b89afb0482ec94ca0913764a991bcf) Importer(815301076,1909f56bfc062723c751e8b465ee728b)  -> (artifact id: '4cf85e24e6ab60ed223cd78be308815e') in 0.003922 seconds 
  Import took 0.006876 seconds .

========================================================================
Received Import Request.
  Time since last request: 0.000167 seconds.
  path: Assets/ProBuilder Data/Default Material Palette.asset
  artifactKey: Guid(1074a2fb3ee9add4db01ae9a5adf9545) Importer(815301076,1909f56bfc062723c751e8b465ee728b)
Start importing Assets/ProBuilder Data/Default Material Palette.asset using Guid(1074a2fb3ee9add4db01ae9a5adf9545) Importer(815301076,1909f56bfc062723c751e8b465ee728b)  -> (artifact id: '90d59da92ea387ddb0d8d6655284cfbd') in 0.025702 seconds 
  Import took 0.028691 seconds .

========================================================================
Received Import Request.
  Time since last request: 73.377779 seconds.
  path: Assets/Prefabs/Weapons
  artifactKey: Guid(c952bddb4980b114f8781a2d6b51cf57) Importer(815301076,1909f56bfc062723c751e8b465ee728b)
Start importing Assets/Prefabs/Weapons using Guid(c952bddb4980b114f8781a2d6b51cf57) Importer(815301076,1909f56bfc062723c751e8b465ee728b)  -> (artifact id: 'f08c9197519b1912d4e7a6d4a44e5f21') in 0.001890 seconds 
  Import took 0.004925 seconds .

========================================================================
Received Import Request.
  Time since last request: 0.058830 seconds.
  path: Assets/Prefabs/Weapons/Carbine.prefab
  artifactKey: Guid(6658821bfe67bdb4a9bcd424cf498fb7) Importer(815301076,1909f56bfc062723c751e8b465ee728b)
Start importing Assets/Prefabs/Weapons/Carbine.prefab using Guid(6658821bfe67bdb4a9bcd424cf498fb7) Importer(815301076,1909f56bfc062723c751e8b465ee728b)  -> (artifact id: '407301d0e05a2185a1a2c390156fd31b') in 0.290431 seconds 
  Import took 0.293789 seconds .

========================================================================
Received Import Request.
  Time since last request: 0.000174 seconds.
  path: Assets/Prefabs/Weapons/Pistol 92 Dark.prefab
  artifactKey: Guid(3fab9dcca6a961845a178028d664ab59) Importer(815301076,1909f56bfc062723c751e8b465ee728b)
Start importing Assets/Prefabs/Weapons/Pistol 92 Dark.prefab using Guid(3fab9dcca6a961845a178028d664ab59) Importer(815301076,1909f56bfc062723c751e8b465ee728b)  -> (artifact id: '5919850d9d856f3e2aad98b404724f75') in 0.268371 seconds 
  Import took 0.274307 seconds .

========================================================================
Received Import Request.
  Time since last request: 0.000224 seconds.
  path: Assets/Prefabs/Weapons/Shotgun 2.prefab
  artifactKey: Guid(7d6d6a8f9e5e62d45ae99aa283b89a20) Importer(815301076,1909f56bfc062723c751e8b465ee728b)
Start importing Assets/Prefabs/Weapons/Shotgun 2.prefab using Guid(7d6d6a8f9e5e62d45ae99aa283b89a20) Importer(815301076,1909f56bfc062723c751e8b465ee728b)  -> (artifact id: 'a0e39d606b61a83394380eea541b08ac') in 0.150477 seconds 
  Import took 0.154637 seconds .

========================================================================
Received Import Request.
  Time since last request: 110.756574 seconds.
  path: Assets/Prefabs/Weapons/Carbine.prefab
  artifactKey: Guid(6658821bfe67bdb4a9bcd424cf498fb7) Importer(815301076,1909f56bfc062723c751e8b465ee728b)
Start importing Assets/Prefabs/Weapons/Carbine.prefab using Guid(6658821bfe67bdb4a9bcd424cf498fb7) Importer(815301076,1909f56bfc062723c751e8b465ee728b)  -> (artifact id: '5885b43dbfd7b652b0af1c11d333534a') in 0.018810 seconds 
  Import took 0.022311 seconds .

========================================================================
Received Import Request.
  Time since last request: 13.726126 seconds.
  path: Assets/Prefabs/Weapons/Carbine.prefab
  artifactKey: Guid(6658821bfe67bdb4a9bcd424cf498fb7) Importer(815301076,1909f56bfc062723c751e8b465ee728b)
Start importing Assets/Prefabs/Weapons/Carbine.prefab using Guid(6658821bfe67bdb4a9bcd424cf498fb7) Importer(815301076,1909f56bfc062723c751e8b465ee728b)  -> (artifact id: '17f28893e210003628ef9d44fe6dc157') in 0.012760 seconds 
  Import took 0.016073 seconds .

========================================================================
Received Import Request.
  Time since last request: 3.341390 seconds.
  path: Assets/Standard Assets/ParticleSystems/Materials/ParticleFirework.mat
  artifactKey: Guid(9f3080141f1f64197825663e067f94f8) Importer(815301076,1909f56bfc062723c751e8b465ee728b)
Start importing Assets/Standard Assets/ParticleSystems/Materials/ParticleFirework.mat using Guid(9f3080141f1f64197825663e067f94f8) Importer(815301076,1909f56bfc062723c751e8b465ee728b)  -> (artifact id: 'c560f16144c405481accd8a4e599eda6') in 0.015295 seconds 
  Import took 0.018734 seconds .

========================================================================
Received Prepare
Registering precompiled user dll's ...
Registered in 0.002604 seconds.
Begin MonoManager ReloadAssembly
Native extension for LinuxStandalone target not found
Native extension for WindowsStandalone target not found
Native extension for OSXStandalone target not found
Native extension for WebGL target not found
Refreshing native plugins compatible for Editor in 0.66 ms, found 2 plugins.
Preloading 0 native plugins for Editor in 0.00 ms.
Warning: Annotation not found!
UnityEngine.StackTraceUtility:ExtractStackTrace ()
UnityEditor.ProBuilder.EditorUtility:SetGizmoIconEnabled (System.Type,bool) (at Library/PackageCache/com.unity.probuilder@4.5.0/Editor/EditorCore/EditorUtility.cs:593)
UnityEditor.ProBuilder.HierarchyListener:.cctor () (at Library/PackageCache/com.unity.probuilder@4.5.0/Editor/EditorCore/HierarchyListener.cs:21)
System.Runtime.CompilerServices.RuntimeHelpers:RunClassConstructor (System.RuntimeTypeHandle)
UnityEditor.EditorAssemblies:ProcessInitializeOnLoadAttributes (System.Type[])

[Library/PackageCache/com.unity.probuilder@4.5.0/Editor/EditorCore/EditorUtility.cs line 593]

Mono: successfully reloaded assembly
- Completed reload, in  1.008 seconds
Platform modules already initialized, skipping
Refreshing native plugins compatible for Editor in 2.37 ms, found 2 plugins.
Preloading 0 native plugins for Editor in 0.00 ms.
Unloading 2020 Unused Serialized files (Serialized files now loaded: 0)
System memory in use before: 118.7 MB.
System memory in use after: 118.4 MB.

Unloading 19 unused Assets to reduce memory usage. Loaded Objects now: 2577.
Total: 3.474100 ms (FindLiveObjects: 0.237900 ms CreateObjectMapping: 0.085200 ms MarkObjects: 2.855300 ms  DeleteObjects: 0.294100 ms)

AssetImportParameters requested are different than current active one (requested -> active):
  custom:framework-win-MediaFoundation: 216162199b28c13a410421893ffa2e32 -> 
  custom:video-decoder-ogg-theora: a1e56fd34408186e4bbccfd4996cb3dc -> 
  custom:container-muxer-webm: aa71ff27fc2769a1b78a27578f13a17b -> 
  custom:container-demuxer-webm: 4f35f7cbe854078d1ac9338744f61a02 -> 
  custom:container-demuxer-ogg: 62fdf1f143b41e24485cea50d1cbac27 -> 
  custom:video-encoder-webm-vp8: eb34c28f22e8b96e1ab97ce403110664 -> 
  custom:video-decoder-webm-vp8: 9c59270c3fd7afecdb556c50c9e8de78 -> 
  custom:audio-decoder-ogg-vorbis: bf7c407c2cedff20999df2af8eb42d56 -> 
  custom:audio-encoder-webm-vorbis: bf7c407c2cedff20999df2af8eb42d56 -> 
========================================================================
Received Prepare
Registering precompiled user dll's ...
Registered in 0.003643 seconds.
Begin MonoManager ReloadAssembly
Native extension for LinuxStandalone target not found
Native extension for WindowsStandalone target not found
Native extension for OSXStandalone target not found
Native extension for WebGL target not found
Refreshing native plugins compatible for Editor in 0.94 ms, found 2 plugins.
Preloading 0 native plugins for Editor in 0.00 ms.
Warning: Annotation not found!
UnityEngine.StackTraceUtility:ExtractStackTrace ()
UnityEditor.ProBuilder.EditorUtility:SetGizmoIconEnabled (System.Type,bool) (at Library/PackageCache/com.unity.probuilder@4.5.0/Editor/EditorCore/EditorUtility.cs:593)
UnityEditor.ProBuilder.HierarchyListener:.cctor () (at Library/PackageCache/com.unity.probuilder@4.5.0/Editor/EditorCore/HierarchyListener.cs:21)
System.Runtime.CompilerServices.RuntimeHelpers:RunClassConstructor (System.RuntimeTypeHandle)
UnityEditor.EditorAssemblies:ProcessInitializeOnLoadAttributes (System.Type[])

[Library/PackageCache/com.unity.probuilder@4.5.0/Editor/EditorCore/EditorUtility.cs line 593]

Mono: successfully reloaded assembly
- Completed reload, in  1.056 seconds
Platform modules already initialized, skipping
Refreshing native plugins compatible for Editor in 1.24 ms, found 2 plugins.
Preloading 0 native plugins for Editor in 0.00 ms.
Unloading 2020 Unused Serialized files (Serialized files now loaded: 0)
System memory in use before: 118.7 MB.
System memory in use after: 118.4 MB.

Unloading 19 unused Assets to reduce memory usage. Loaded Objects now: 2580.
Total: 3.626700 ms (FindLiveObjects: 0.402600 ms CreateObjectMapping: 0.166700 ms MarkObjects: 2.573300 ms  DeleteObjects: 0.482100 ms)

AssetImportParameters requested are different than current active one (requested -> active):
  custom:framework-win-MediaFoundation: 216162199b28c13a410421893ffa2e32 -> 
  custom:video-decoder-ogg-theora: a1e56fd34408186e4bbccfd4996cb3dc -> 
  custom:container-muxer-webm: aa71ff27fc2769a1b78a27578f13a17b -> 
  custom:container-demuxer-webm: 4f35f7cbe854078d1ac9338744f61a02 -> 
  custom:container-demuxer-ogg: 62fdf1f143b41e24485cea50d1cbac27 -> 
  custom:video-encoder-webm-vp8: eb34c28f22e8b96e1ab97ce403110664 -> 
  custom:video-decoder-webm-vp8: 9c59270c3fd7afecdb556c50c9e8de78 -> 
  custom:audio-decoder-ogg-vorbis: bf7c407c2cedff20999df2af8eb42d56 -> 
  custom:audio-encoder-webm-vorbis: bf7c407c2cedff20999df2af8eb42d56 -> 
========================================================================
Received Prepare
Registering precompiled user dll's ...
Registered in 0.002476 seconds.
Begin MonoManager ReloadAssembly
Native extension for LinuxStandalone target not found
Native extension for WindowsStandalone target not found
Native extension for OSXStandalone target not found
Native extension for WebGL target not found
Refreshing native plugins compatible for Editor in 0.60 ms, found 2 plugins.
Preloading 0 native plugins for Editor in 0.00 ms.
Warning: Annotation not found!
UnityEngine.StackTraceUtility:ExtractStackTrace ()
UnityEditor.ProBuilder.EditorUtility:SetGizmoIconEnabled (System.Type,bool) (at Library/PackageCache/com.unity.probuilder@4.5.0/Editor/EditorCore/EditorUtility.cs:593)
UnityEditor.ProBuilder.HierarchyListener:.cctor () (at Library/PackageCache/com.unity.probuilder@4.5.0/Editor/EditorCore/HierarchyListener.cs:21)
System.Runtime.CompilerServices.RuntimeHelpers:RunClassConstructor (System.RuntimeTypeHandle)
UnityEditor.EditorAssemblies:ProcessInitializeOnLoadAttributes (System.Type[])

[Library/PackageCache/com.unity.probuilder@4.5.0/Editor/EditorCore/EditorUtility.cs line 593]

Mono: successfully reloaded assembly
- Completed reload, in  0.816 seconds
Platform modules already initialized, skipping
Refreshing native plugins compatible for Editor in 1.35 ms, found 2 plugins.
Preloading 0 native plugins for Editor in 0.00 ms.
Unloading 2020 Unused Serialized files (Serialized files now loaded: 0)
System memory in use before: 118.6 MB.
System memory in use after: 118.3 MB.

Unloading 19 unused Assets to reduce memory usage. Loaded Objects now: 2583.
Total: 3.231700 ms (FindLiveObjects: 0.422900 ms CreateObjectMapping: 0.261000 ms MarkObjects: 2.147600 ms  DeleteObjects: 0.398600 ms)

AssetImportParameters requested are different than current active one (requested -> active):
  custom:framework-win-MediaFoundation: 216162199b28c13a410421893ffa2e32 -> 
  custom:video-decoder-ogg-theora: a1e56fd34408186e4bbccfd4996cb3dc -> 
  custom:container-muxer-webm: aa71ff27fc2769a1b78a27578f13a17b -> 
  custom:container-demuxer-webm: 4f35f7cbe854078d1ac9338744f61a02 -> 
  custom:container-demuxer-ogg: 62fdf1f143b41e24485cea50d1cbac27 -> 
  custom:video-encoder-webm-vp8: eb34c28f22e8b96e1ab97ce403110664 -> 
  custom:video-decoder-webm-vp8: 9c59270c3fd7afecdb556c50c9e8de78 -> 
  custom:audio-decoder-ogg-vorbis: bf7c407c2cedff20999df2af8eb42d56 -> 
  custom:audio-encoder-webm-vorbis: bf7c407c2cedff20999df2af8eb42d56 -> 
========================================================================
Received Prepare
Registering precompiled user dll's ...
Registered in 0.002250 seconds.
Begin MonoManager ReloadAssembly
Native extension for LinuxStandalone target not found
Native extension for WindowsStandalone target not found
Native extension for OSXStandalone target not found
Native extension for WebGL target not found
Refreshing native plugins compatible for Editor in 0.56 ms, found 2 plugins.
Preloading 0 native plugins for Editor in 0.00 ms.
Warning: Annotation not found!
UnityEngine.StackTraceUtility:ExtractStackTrace ()
UnityEditor.ProBuilder.EditorUtility:SetGizmoIconEnabled (System.Type,bool) (at Library/PackageCache/com.unity.probuilder@4.5.0/Editor/EditorCore/EditorUtility.cs:593)
UnityEditor.ProBuilder.HierarchyListener:.cctor () (at Library/PackageCache/com.unity.probuilder@4.5.0/Editor/EditorCore/HierarchyListener.cs:21)
System.Runtime.CompilerServices.RuntimeHelpers:RunClassConstructor (System.RuntimeTypeHandle)
UnityEditor.EditorAssemblies:ProcessInitializeOnLoadAttributes (System.Type[])

[Library/PackageCache/com.unity.probuilder@4.5.0/Editor/EditorCore/EditorUtility.cs line 593]

Mono: successfully reloaded assembly
- Completed reload, in  0.768 seconds
Platform modules already initialized, skipping
Refreshing native plugins compatible for Editor in 1.14 ms, found 2 plugins.
Preloading 0 native plugins for Editor in 0.00 ms.
Unloading 2020 Unused Serialized files (Serialized files now loaded: 0)
System memory in use before: 118.7 MB.
System memory in use after: 118.4 MB.

Unloading 19 unused Assets to reduce memory usage. Loaded Objects now: 2586.
Total: 2.960600 ms (FindLiveObjects: 0.250700 ms CreateObjectMapping: 0.069100 ms MarkObjects: 2.283000 ms  DeleteObjects: 0.356700 ms)

AssetImportParameters requested are different than current active one (requested -> active):
  custom:framework-win-MediaFoundation: 216162199b28c13a410421893ffa2e32 -> 
  custom:video-decoder-ogg-theora: a1e56fd34408186e4bbccfd4996cb3dc -> 
  custom:container-muxer-webm: aa71ff27fc2769a1b78a27578f13a17b -> 
  custom:container-demuxer-webm: 4f35f7cbe854078d1ac9338744f61a02 -> 
  custom:container-demuxer-ogg: 62fdf1f143b41e24485cea50d1cbac27 -> 
  custom:video-encoder-webm-vp8: eb34c28f22e8b96e1ab97ce403110664 -> 
  custom:video-decoder-webm-vp8: 9c59270c3fd7afecdb556c50c9e8de78 -> 
  custom:audio-decoder-ogg-vorbis: bf7c407c2cedff20999df2af8eb42d56 -> 
  custom:audio-encoder-webm-vorbis: bf7c407c2cedff20999df2af8eb42d56 -> 
========================================================================
Received Prepare
Registering precompiled user dll's ...
Registered in 0.002353 seconds.
Begin MonoManager ReloadAssembly
Native extension for LinuxStandalone target not found
Native extension for WindowsStandalone target not found
Native extension for OSXStandalone target not found
Native extension for WebGL target not found
Refreshing native plugins compatible for Editor in 0.62 ms, found 2 plugins.
Preloading 0 native plugins for Editor in 0.00 ms.
Warning: Annotation not found!
UnityEngine.StackTraceUtility:ExtractStackTrace ()
UnityEditor.ProBuilder.EditorUtility:SetGizmoIconEnabled (System.Type,bool) (at Library/PackageCache/com.unity.probuilder@4.5.0/Editor/EditorCore/EditorUtility.cs:593)
UnityEditor.ProBuilder.HierarchyListener:.cctor () (at Library/PackageCache/com.unity.probuilder@4.5.0/Editor/EditorCore/HierarchyListener.cs:21)
System.Runtime.CompilerServices.RuntimeHelpers:RunClassConstructor (System.RuntimeTypeHandle)
UnityEditor.EditorAssemblies:ProcessInitializeOnLoadAttributes (System.Type[])

[Library/PackageCache/com.unity.probuilder@4.5.0/Editor/EditorCore/EditorUtility.cs line 593]

Mono: successfully reloaded assembly
- Completed reload, in  0.768 seconds
Platform modules already initialized, skipping
Refreshing native plugins compatible for Editor in 1.14 ms, found 2 plugins.
Preloading 0 native plugins for Editor in 0.00 ms.
Unloading 2020 Unused Serialized files (Serialized files now loaded: 0)
System memory in use before: 118.7 MB.
System memory in use after: 118.4 MB.

Unloading 19 unused Assets to reduce memory usage. Loaded Objects now: 2589.
Total: 2.786600 ms (FindLiveObjects: 0.206300 ms CreateObjectMapping: 0.067900 ms MarkObjects: 2.172200 ms  DeleteObjects: 0.339400 ms)

AssetImportParameters requested are different than current active one (requested -> active):
  custom:framework-win-MediaFoundation: 216162199b28c13a410421893ffa2e32 -> 
  custom:video-decoder-ogg-theora: a1e56fd34408186e4bbccfd4996cb3dc -> 
  custom:container-muxer-webm: aa71ff27fc2769a1b78a27578f13a17b -> 
  custom:container-demuxer-webm: 4f35f7cbe854078d1ac9338744f61a02 -> 
  custom:container-demuxer-ogg: 62fdf1f143b41e24485cea50d1cbac27 -> 
  custom:video-encoder-webm-vp8: eb34c28f22e8b96e1ab97ce403110664 -> 
  custom:video-decoder-webm-vp8: 9c59270c3fd7afecdb556c50c9e8de78 -> 
  custom:audio-decoder-ogg-vorbis: bf7c407c2cedff20999df2af8eb42d56 -> 
  custom:audio-encoder-webm-vorbis: bf7c407c2cedff20999df2af8eb42d56 -> 
========================================================================
Received Import Request.
  Time since last request: 621.317284 seconds.
  path: Assets/Scripts/WeaponSwitcher.cs
  artifactKey: Guid(69f75838090dd7d419864712a2b7fcb8) Importer(815301076,1909f56bfc062723c751e8b465ee728b)
Start importing Assets/Scripts/WeaponSwitcher.cs using Guid(69f75838090dd7d419864712a2b7fcb8) Importer(815301076,1909f56bfc062723c751e8b465ee728b)  -> (artifact id: 'e592b3f05cc8c39517fb6778b7798a35') in 0.008153 seconds 
  Import took 0.011275 seconds .

========================================================================
Received Prepare
Registering precompiled user dll's ...
Registered in 0.002244 seconds.
Begin MonoManager ReloadAssembly
Native extension for LinuxStandalone target not found
Native extension for WindowsStandalone target not found
Native extension for OSXStandalone target not found
Native extension for WebGL target not found
Refreshing native plugins compatible for Editor in 0.65 ms, found 2 plugins.
Preloading 0 native plugins for Editor in 0.00 ms.
Warning: Annotation not found!
UnityEngine.StackTraceUtility:ExtractStackTrace ()
UnityEditor.ProBuilder.EditorUtility:SetGizmoIconEnabled (System.Type,bool) (at Library/PackageCache/com.unity.probuilder@4.5.0/Editor/EditorCore/EditorUtility.cs:593)
UnityEditor.ProBuilder.HierarchyListener:.cctor () (at Library/PackageCache/com.unity.probuilder@4.5.0/Editor/EditorCore/HierarchyListener.cs:21)
System.Runtime.CompilerServices.RuntimeHelpers:RunClassConstructor (System.RuntimeTypeHandle)
UnityEditor.EditorAssemblies:ProcessInitializeOnLoadAttributes (System.Type[])

[Library/PackageCache/com.unity.probuilder@4.5.0/Editor/EditorCore/EditorUtility.cs line 593]

Mono: successfully reloaded assembly
- Completed reload, in  0.791 seconds
Platform modules already initialized, skipping
Refreshing native plugins compatible for Editor in 1.12 ms, found 2 plugins.
Preloading 0 native plugins for Editor in 0.00 ms.
Unloading 2020 Unused Serialized files (Serialized files now loaded: 0)
System memory in use before: 118.8 MB.
System memory in use after: 118.4 MB.

Unloading 19 unused Assets to reduce memory usage. Loaded Objects now: 2592.
Total: 2.793000 ms (FindLiveObjects: 0.200200 ms CreateObjectMapping: 0.063700 ms MarkObjects: 2.157800 ms  DeleteObjects: 0.370300 ms)

AssetImportParameters requested are different than current active one (requested -> active):
  custom:framework-win-MediaFoundation: 216162199b28c13a410421893ffa2e32 -> 
  custom:video-decoder-ogg-theora: a1e56fd34408186e4bbccfd4996cb3dc -> 
  custom:container-muxer-webm: aa71ff27fc2769a1b78a27578f13a17b -> 
  custom:container-demuxer-webm: 4f35f7cbe854078d1ac9338744f61a02 -> 
  custom:container-demuxer-ogg: 62fdf1f143b41e24485cea50d1cbac27 -> 
  custom:video-encoder-webm-vp8: eb34c28f22e8b96e1ab97ce403110664 -> 
  custom:video-decoder-webm-vp8: 9c59270c3fd7afecdb556c50c9e8de78 -> 
  custom:audio-decoder-ogg-vorbis: bf7c407c2cedff20999df2af8eb42d56 -> 
  custom:audio-encoder-webm-vorbis: bf7c407c2cedff20999df2af8eb42d56 -> 
========================================================================
Received Import Request.
  Time since last request: 221.648499 seconds.
  path: Assets/Prefabs/Weapons/Carbine.prefab
  artifactKey: Guid(6658821bfe67bdb4a9bcd424cf498fb7) Importer(815301076,1909f56bfc062723c751e8b465ee728b)
Start importing Assets/Prefabs/Weapons/Carbine.prefab using Guid(6658821bfe67bdb4a9bcd424cf498fb7) Importer(815301076,1909f56bfc062723c751e8b465ee728b)  -> (artifact id: '3d9a89d79adfbe2dfac05b33bec75c07') in 0.047119 seconds 
  Import took 0.050967 seconds .

========================================================================
Received Import Request.
  Time since last request: 4.375554 seconds.
  path: Assets/Prefabs/Weapons/Carbine.prefab
  artifactKey: Guid(6658821bfe67bdb4a9bcd424cf498fb7) Importer(815301076,1909f56bfc062723c751e8b465ee728b)
Start importing Assets/Prefabs/Weapons/Carbine.prefab using Guid(6658821bfe67bdb4a9bcd424cf498fb7) Importer(815301076,1909f56bfc062723c751e8b465ee728b)  -> (artifact id: '6f71b2f982fe7949e806c49c1059d688') in 0.010301 seconds 
  Import took 0.013773 seconds .

========================================================================
Received Import Request.
  Time since last request: 4.445024 seconds.
  path: Assets/Prefabs/Weapons/Carbine.prefab
  artifactKey: Guid(6658821bfe67bdb4a9bcd424cf498fb7) Importer(815301076,1909f56bfc062723c751e8b465ee728b)
Start importing Assets/Prefabs/Weapons/Carbine.prefab using Guid(6658821bfe67bdb4a9bcd424cf498fb7) Importer(815301076,1909f56bfc062723c751e8b465ee728b)  -> (artifact id: 'aa42430987a26b6221fb57d82302d4ef') in 0.011688 seconds 
  Import took 0.015160 seconds .

========================================================================
Received Prepare
Registering precompiled user dll's ...
Registered in 0.002131 seconds.
Begin MonoManager ReloadAssembly
Native extension for LinuxStandalone target not found
Native extension for WindowsStandalone target not found
Native extension for OSXStandalone target not found
Native extension for WebGL target not found
Refreshing native plugins compatible for Editor in 0.56 ms, found 2 plugins.
Preloading 0 native plugins for Editor in 0.00 ms.
Warning: Annotation not found!
UnityEngine.StackTraceUtility:ExtractStackTrace ()
UnityEditor.ProBuilder.EditorUtility:SetGizmoIconEnabled (System.Type,bool) (at Library/PackageCache/com.unity.probuilder@4.5.0/Editor/EditorCore/EditorUtility.cs:593)
UnityEditor.ProBuilder.HierarchyListener:.cctor () (at Library/PackageCache/com.unity.probuilder@4.5.0/Editor/EditorCore/HierarchyListener.cs:21)
System.Runtime.CompilerServices.RuntimeHelpers:RunClassConstructor (System.RuntimeTypeHandle)
UnityEditor.EditorAssemblies:ProcessInitializeOnLoadAttributes (System.Type[])

[Library/PackageCache/com.unity.probuilder@4.5.0/Editor/EditorCore/EditorUtility.cs line 593]

Mono: successfully reloaded assembly
- Completed reload, in  0.763 seconds
Platform modules already initialized, skipping
Refreshing native plugins compatible for Editor in 1.16 ms, found 2 plugins.
Preloading 0 native plugins for Editor in 0.00 ms.
Unloading 2020 Unused Serialized files (Serialized files now loaded: 0)
System memory in use before: 118.8 MB.
System memory in use after: 118.5 MB.

Unloading 19 unused Assets to reduce memory usage. Loaded Objects now: 2596.
Total: 2.957800 ms (FindLiveObjects: 0.223800 ms CreateObjectMapping: 0.073900 ms MarkObjects: 2.307200 ms  DeleteObjects: 0.352000 ms)

AssetImportParameters requested are different than current active one (requested -> active):
  custom:framework-win-MediaFoundation: 216162199b28c13a410421893ffa2e32 -> 
  custom:video-decoder-ogg-theora: a1e56fd34408186e4bbccfd4996cb3dc -> 
  custom:container-muxer-webm: aa71ff27fc2769a1b78a27578f13a17b -> 
  custom:container-demuxer-webm: 4f35f7cbe854078d1ac9338744f61a02 -> 
  custom:container-demuxer-ogg: 62fdf1f143b41e24485cea50d1cbac27 -> 
  custom:video-encoder-webm-vp8: eb34c28f22e8b96e1ab97ce403110664 -> 
  custom:video-decoder-webm-vp8: 9c59270c3fd7afecdb556c50c9e8de78 -> 
  custom:audio-decoder-ogg-vorbis: bf7c407c2cedff20999df2af8eb42d56 -> 
  custom:audio-encoder-webm-vorbis: bf7c407c2cedff20999df2af8eb42d56 -> 
========================================================================
Received Import Request.
  Time since last request: 241.938813 seconds.
  path: Assets/Prefabs/Weapons/Carbine.prefab
  artifactKey: Guid(6658821bfe67bdb4a9bcd424cf498fb7) Importer(815301076,1909f56bfc062723c751e8b465ee728b)
Start importing Assets/Prefabs/Weapons/Carbine.prefab using Guid(6658821bfe67bdb4a9bcd424cf498fb7) Importer(815301076,1909f56bfc062723c751e8b465ee728b)  -> (artifact id: '00ca2abcf1fc2456fee013678940355a') in 0.039742 seconds 
  Import took 0.042784 seconds .

========================================================================
Received Import Request.
  Time since last request: 113.942912 seconds.
  path: Assets/Imported Assets/Crate Barrels/screenshots/_large.jpg
  artifactKey: Guid(6a2818d2609402245add08d97b3c1236) Importer(815301076,1909f56bfc062723c751e8b465ee728b)
Start importing Assets/Imported Assets/Crate Barrels/screenshots/_large.jpg using Guid(6a2818d2609402245add08d97b3c1236) Importer(815301076,1909f56bfc062723c751e8b465ee728b)  -> (artifact id: '6da4793a03b885483741160f12ff82aa') in 0.055634 seconds 
  Import took 0.059198 seconds .

========================================================================
Received Import Request.
  Time since last request: 0.000162 seconds.
  path: Assets/Standard Assets/Vehicles/Aircraft/Textures/AircraftPropellerBlur01WhiteAlbedo.png
  artifactKey: Guid(a01d24876a1472b408ba8e5f0bf3a23f) Importer(815301076,1909f56bfc062723c751e8b465ee728b)
Start importing Assets/Standard Assets/Vehicles/Aircraft/Textures/AircraftPropellerBlur01WhiteAlbedo.png using Guid(a01d24876a1472b408ba8e5f0bf3a23f) Importer(815301076,1909f56bfc062723c751e8b465ee728b)  -> (artifact id: 'dc1360f9b9b8ef24bbd36bb09d5c65ea') in 0.005884 seconds 
  Import took 0.008892 seconds .

========================================================================
Received Import Request.
  Time since last request: 0.000183 seconds.
  path: Assets/Imported Assets/Mountain Terrain/Trees/materials/acacia1 Blend_n.png
  artifactKey: Guid(434e21e9516ef9a4e8064ec371b10d15) Importer(815301076,1909f56bfc062723c751e8b465ee728b)
Start importing Assets/Imported Assets/Mountain Terrain/Trees/materials/acacia1 Blend_n.png using Guid(434e21e9516ef9a4e8064ec371b10d15) Importer(815301076,1909f56bfc062723c751e8b465ee728b)  -> (artifact id: 'd64556a0e45eefc1bad21dfe00b994e0') in 0.015263 seconds 
  Import took 0.018045 seconds .

========================================================================
Received Import Request.
  Time since last request: 0.000175 seconds.
  path: Packages/com.unity.probuilder/Content/Icons/Toolbar/Background/AccentBar_Bottom.png
  artifactKey: Guid(19fabf6370255433fa736008910e1bf2) Importer(815301076,1909f56bfc062723c751e8b465ee728b)
Start importing Packages/com.unity.probuilder/Content/Icons/Toolbar/Background/AccentBar_Bottom.png using Guid(19fabf6370255433fa736008910e1bf2) Importer(815301076,1909f56bfc062723c751e8b465ee728b)  -> (artifact id: '1ffaa75a5c8c653c28af8c21a7a18373') in 0.005571 seconds 
  Import took 0.008900 seconds .

========================================================================
Received Import Request.
  Time since last request: 0.000165 seconds.
  path: Assets/Imported Assets/Crate Barrels/screenshots/_medium.jpg
  artifactKey: Guid(2d856475b90e0514cba682a37620c7b1) Importer(815301076,1909f56bfc062723c751e8b465ee728b)
Start importing Assets/Imported Assets/Crate Barrels/screenshots/_medium.jpg using Guid(2d856475b90e0514cba682a37620c7b1) Importer(815301076,1909f56bfc062723c751e8b465ee728b)  -> (artifact id: '72bf6a1f5ddeebf45532b1546f441f8d') in 0.015157 seconds 
  Import took 0.018108 seconds .

========================================================================
Received Import Request.
  Time since last request: 0.000173 seconds.
  path: Assets/Imported Assets/Mountain Terrain/Trees/materials/acacia1 Blend_s.png
  artifactKey: Guid(d362d6dd3f0925f45b0c53147dc0b391) Importer(815301076,1909f56bfc062723c751e8b465ee728b)
Start importing Assets/Imported Assets/Mountain Terrain/Trees/materials/acacia1 Blend_s.png using Guid(d362d6dd3f0925f45b0c53147dc0b391) Importer(815301076,1909f56bfc062723c751e8b465ee728b)  -> (artifact id: '31f56c408a812359229453d9516c84cf') in 0.004972 seconds 
  Import took 0.008020 seconds .

========================================================================
Received Import Request.
  Time since last request: 0.000150 seconds.
  path: Assets/Standard Assets/Vehicles/Aircraft/Textures/AircraftFuselageNormals.png
  artifactKey: Guid(c7e9ae087ac710a4980ed418c192e2fb) Importer(815301076,1909f56bfc062723c751e8b465ee728b)
Start importing Assets/Standard Assets/Vehicles/Aircraft/Textures/AircraftFuselageNormals.png using Guid(c7e9ae087ac710a4980ed418c192e2fb) Importer(815301076,1909f56bfc062723c751e8b465ee728b)  -> (artifact id: '344a08229994666ec353d1b0875f9ad5') in 0.149263 seconds 
  Import took 0.153034 seconds .

========================================================================
Received Import Request.
  Time since last request: 0.000233 seconds.
  path: Assets/Imported Assets/Crate Barrels/screenshots/_small.jpg
  artifactKey: Guid(54a79a2c405c2fe4abb12d324778f3d2) Importer(815301076,1909f56bfc062723c751e8b465ee728b)
Start importing Assets/Imported Assets/Crate Barrels/screenshots/_small.jpg using Guid(54a79a2c405c2fe4abb12d324778f3d2) Importer(815301076,1909f56bfc062723c751e8b465ee728b)  -> (artifact id: 'ee8722203e5958673110818be2cc69a2') in 0.014917 seconds 
  Import took 0.018010 seconds .

========================================================================
Received Import Request.
  Time since last request: 0.000296 seconds.
  path: Assets/Imported Assets/Mountain Terrain/Trees/materials/acacia1.png
  artifactKey: Guid(3dcf17064d341bc4a9d3b0bdc0fc96e6) Importer(815301076,1909f56bfc062723c751e8b465ee728b)
Start importing Assets/Imported Assets/Mountain Terrain/Trees/materials/acacia1.png using Guid(3dcf17064d341bc4a9d3b0bdc0fc96e6) Importer(815301076,1909f56bfc062723c751e8b465ee728b)  -> (artifact id: 'f6d1fd65d1e6ec09e98102a0957e72d4') in 0.008900 seconds 
  Import took 0.012231 seconds .

========================================================================
Received Import Request.
  Time since last request: 0.000245 seconds.
  path: Assets/Imported Assets/Crate Barrels/screenshots/_XLargeFacebook.jpg
  artifactKey: Guid(44ff0f193fa0e97408330bd83bfe8597) Importer(815301076,1909f56bfc062723c751e8b465ee728b)
Start importing Assets/Imported Assets/Crate Barrels/screenshots/_XLargeFacebook.jpg using Guid(44ff0f193fa0e97408330bd83bfe8597) Importer(815301076,1909f56bfc062723c751e8b465ee728b)  -> (artifact id: 'c3386356f2b72b60469cc1d516acb2ae') in 0.005541 seconds 
  Import took 0.008408 seconds .

========================================================================
Received Import Request.
  Time since last request: 0.000209 seconds.
  path: Assets/Standard Assets/Vehicles/Aircraft/Textures/AircraftPropellerBlur01GreyAlbedo.png
  artifactKey: Guid(9bae725505bdaf5488cd1720e6f829bd) Importer(815301076,1909f56bfc062723c751e8b465ee728b)
Start importing Assets/Standard Assets/Vehicles/Aircraft/Textures/AircraftPropellerBlur01GreyAlbedo.png using Guid(9bae725505bdaf5488cd1720e6f829bd) Importer(815301076,1909f56bfc062723c751e8b465ee728b)  -> (artifact id: '2db441296025abc24966bf269de844f7') in 0.009312 seconds 
  Import took 0.012508 seconds .

========================================================================
Received Import Request.
  Time since last request: 0.000174 seconds.
  path: Packages/com.unity.collab-proxy/Editor/Collaborate/Assets/Icons/added-file-dark.png
  artifactKey: Guid(1a4f52b613391cd449af3ad2e44affeb) Importer(815301076,1909f56bfc062723c751e8b465ee728b)
Start importing Packages/com.unity.collab-proxy/Editor/Collaborate/Assets/Icons/added-file-dark.png using Guid(1a4f52b613391cd449af3ad2e44affeb) Importer(815301076,1909f56bfc062723c751e8b465ee728b)  -> (artifact id: 'fc0fa178ea12f7d3385f59ceb88415da') in 0.010256 seconds 
  Import took 0.013178 seconds .

========================================================================
Received Import Request.
  Time since last request: 0.000226 seconds.
  path: Packages/com.unity.collab-proxy/Editor/Collaborate/Assets/Icons/added-file-dark@2x.png
  artifactKey: Guid(c223e0c507e2c6549a2cb97441b62cbe) Importer(815301076,1909f56bfc062723c751e8b465ee728b)
Start importing Packages/com.unity.collab-proxy/Editor/Collaborate/Assets/Icons/added-file-dark@2x.png using Guid(c223e0c507e2c6549a2cb97441b62cbe) Importer(815301076,1909f56bfc062723c751e8b465ee728b)  -> (artifact id: '7117a7a432eba16d6749d5796e9d08f8') in 0.004942 seconds 
  Import took 0.007755 seconds .

========================================================================
Received Import Request.
  Time since last request: 0.000236 seconds.
  path: Packages/com.unity.collab-proxy/Editor/Collaborate/Assets/Icons/added-file-light@2x.png
  artifactKey: Guid(ec2e3aa6d0ab8ce4eac29b56d65d61d5) Importer(815301076,1909f56bfc062723c751e8b465ee728b)
Start importing Packages/com.unity.collab-proxy/Editor/Collaborate/Assets/Icons/added-file-light@2x.png using Guid(ec2e3aa6d0ab8ce4eac29b56d65d61d5) Importer(815301076,1909f56bfc062723c751e8b465ee728b)  -> (artifact id: '622efad7252569036afa82c262de1b20') in 0.005205 seconds 
  Import took 0.008025 seconds .

========================================================================
Received Import Request.
  Time since last request: 0.000207 seconds.
  path: Assets/Standard Assets/Vehicles/Aircraft/Textures/AircraftFuselageOcclusion.png
  artifactKey: Guid(d378ff11c42566d46b0b11cd91eca3a3) Importer(815301076,1909f56bfc062723c751e8b465ee728b)
Start importing Assets/Standard Assets/Vehicles/Aircraft/Textures/AircraftFuselageOcclusion.png using Guid(d378ff11c42566d46b0b11cd91eca3a3) Importer(815301076,1909f56bfc062723c751e8b465ee728b)  -> (artifact id: 'dfcd742d0c08ab8e2fc232a1597c53c6') in 0.098459 seconds 
  Import took 0.101180 seconds .

========================================================================
Received Import Request.
  Time since last request: 0.000188 seconds.
  path: Packages/com.unity.collab-proxy/Editor/Collaborate/Assets/Icons/added-file-light.png
  artifactKey: Guid(397fff6c3885f8343bb65714f0064b5d) Importer(815301076,1909f56bfc062723c751e8b465ee728b)
Start importing Packages/com.unity.collab-proxy/Editor/Collaborate/Assets/Icons/added-file-light.png using Guid(397fff6c3885f8343bb65714f0064b5d) Importer(815301076,1909f56bfc062723c751e8b465ee728b)  -> (artifact id: '5dc78012c2fff96379f023a2d15dee63') in 0.003785 seconds 
  Import took 0.006425 seconds .

========================================================================
Received Import Request.
  Time since last request: 7.896551 seconds.
  path: Assets/Standard Assets/Vehicles/Aircraft/Textures/AircraftPropellerBlur02GreyAlbedo.png
  artifactKey: Guid(da369a9e24c14b04da8e0be4d9fbee0c) Importer(815301076,1909f56bfc062723c751e8b465ee728b)
Start importing Assets/Standard Assets/Vehicles/Aircraft/Textures/AircraftPropellerBlur02GreyAlbedo.png using Guid(da369a9e24c14b04da8e0be4d9fbee0c) Importer(815301076,1909f56bfc062723c751e8b465ee728b)  -> (artifact id: 'ad3ed088502716d62fce72fdd8e3d702') in 0.004539 seconds 
  Import took 0.007359 seconds .

========================================================================
Received Import Request.
  Time since last request: 0.000249 seconds.
  path: Assets/Standard Assets/Vehicles/Aircraft/Textures/AircraftPropellerBlur02WhiteAlbedo.png
  artifactKey: Guid(5d71e30febe908949a93dafb077b4ec9) Importer(815301076,1909f56bfc062723c751e8b465ee728b)
Start importing Assets/Standard Assets/Vehicles/Aircraft/Textures/AircraftPropellerBlur02WhiteAlbedo.png using Guid(5d71e30febe908949a93dafb077b4ec9) Importer(815301076,1909f56bfc062723c751e8b465ee728b)  -> (artifact id: '6bffe59e2a115d72dc3e36e70e29e38e') in 0.010270 seconds 
  Import took 0.013026 seconds .

========================================================================
Received Import Request.
  Time since last request: 0.000222 seconds.
  path: Assets/Standard Assets/Vehicles/Aircraft/Textures/AircraftPropellerBlur03WhiteAlbedo.png
  artifactKey: Guid(0d0e2aad9fc8ad04ba15c42753f8b797) Importer(815301076,1909f56bfc062723c751e8b465ee728b)
Start importing Assets/Standard Assets/Vehicles/Aircraft/Textures/AircraftPropellerBlur03WhiteAlbedo.png using Guid(0d0e2aad9fc8ad04ba15c42753f8b797) Importer(815301076,1909f56bfc062723c751e8b465ee728b)  -> (artifact id: '843368aec228c3baa51e442cbdc63785') in 0.008324 seconds 
  Import took 0.011408 seconds .

========================================================================
Received Import Request.
  Time since last request: 0.000179 seconds.
  path: Assets/Standard Assets/Vehicles/Aircraft/Textures/AircraftPropellerBlur03GreyAlbedo.png
  artifactKey: Guid(2beb3362d4b99ed40890889c97d63cd4) Importer(815301076,1909f56bfc062723c751e8b465ee728b)
Start importing Assets/Standard Assets/Vehicles/Aircraft/Textures/AircraftPropellerBlur03GreyAlbedo.png using Guid(2beb3362d4b99ed40890889c97d63cd4) Importer(815301076,1909f56bfc062723c751e8b465ee728b)  -> (artifact id: '528ba96fbae0745bbda576a3c2e7bdfe') in 0.004406 seconds 
  Import took 0.007378 seconds .

========================================================================
Received Import Request.
  Time since last request: 0.735711 seconds.
  path: Assets/Standard Assets/Vehicles/Aircraft/Textures/AircraftWingsJetNormals.png
  artifactKey: Guid(f7c27487b4792e640b8816a7e0e2f5dd) Importer(815301076,1909f56bfc062723c751e8b465ee728b)
Start importing Assets/Standard Assets/Vehicles/Aircraft/Textures/AircraftWingsJetNormals.png using Guid(f7c27487b4792e640b8816a7e0e2f5dd) Importer(815301076,1909f56bfc062723c751e8b465ee728b)  -> (artifact id: '707adce3e90776ef8b644ff740adad0a') in 0.165778 seconds 
  Import took 0.169717 seconds .

========================================================================
Received Import Request.
  Time since last request: 0.000221 seconds.
  path: Assets/Standard Assets/Vehicles/Aircraft/Textures/AircraftWingsPropellerOcclusion.png
  artifactKey: Guid(0ad6f20f99271564d93962d2b51bf9b0) Importer(815301076,1909f56bfc062723c751e8b465ee728b)
Start importing Assets/Standard Assets/Vehicles/Aircraft/Textures/AircraftWingsPropellerOcclusion.png using Guid(0ad6f20f99271564d93962d2b51bf9b0) Importer(815301076,1909f56bfc062723c751e8b465ee728b)  -> (artifact id: 'a69497c8fc239f4407f7ba289d894ecc') in 0.067247 seconds 
  Import took 0.069864 seconds .

========================================================================
Received Import Request.
  Time since last request: 0.000137 seconds.
  path: Assets/Standard Assets/Vehicles/Aircraft/Textures/AircraftWingsJetOcclusion.png
  artifactKey: Guid(a2203213fc4dd244e90e1e9d1862c097) Importer(815301076,1909f56bfc062723c751e8b465ee728b)
Start importing Assets/Standard Assets/Vehicles/Aircraft/Textures/AircraftWingsJetOcclusion.png using Guid(a2203213fc4dd244e90e1e9d1862c097) Importer(815301076,1909f56bfc062723c751e8b465ee728b)  -> (artifact id: '06eb7bd5ed248edd570ed17d6124896a') in 0.087146 seconds 
  Import took 0.089660 seconds .

========================================================================
Received Import Request.
  Time since last request: 0.000221 seconds.
  path: Assets/Standard Assets/Vehicles/Aircraft/Textures/AircraftWingsPropellerNormals.png
  artifactKey: Guid(5b834380674bf7e48ade2f253138543f) Importer(815301076,1909f56bfc062723c751e8b465ee728b)
Start importing Assets/Standard Assets/Vehicles/Aircraft/Textures/AircraftWingsPropellerNormals.png using Guid(5b834380674bf7e48ade2f253138543f) Importer(815301076,1909f56bfc062723c751e8b465ee728b)  -> (artifact id: 'de620e3c97ab99dcb2f2e9cf186d5e79') in 0.190879 seconds 
  Import took 0.194400 seconds .

========================================================================
Received Import Request.
  Time since last request: 2.339636 seconds.
  path: Assets/Imported Assets/Laterns/textures/albedo_transparent.psd
  artifactKey: Guid(ab754629dd160a140bd57bb516736b2a) Importer(815301076,1909f56bfc062723c751e8b465ee728b)
Start importing Assets/Imported Assets/Laterns/textures/albedo_transparent.psd using Guid(ab754629dd160a140bd57bb516736b2a) Importer(815301076,1909f56bfc062723c751e8b465ee728b)  -> (artifact id: 'fa4714628b5e0104917d60754b40c8fe') in 0.028240 seconds 
  Import took 0.031290 seconds .

========================================================================
Received Import Request.
  Time since last request: 0.000214 seconds.
  path: Packages/com.unity.probuilder/Content/Icons/Toolbar/AltButton_Hover.png
  artifactKey: Guid(d4f4647229a9f47a3b8739dad2c59db5) Importer(815301076,1909f56bfc062723c751e8b465ee728b)
Start importing Packages/com.unity.probuilder/Content/Icons/Toolbar/AltButton_Hover.png using Guid(d4f4647229a9f47a3b8739dad2c59db5) Importer(815301076,1909f56bfc062723c751e8b465ee728b)  -> (artifact id: '2abe84e03d68f3369471f715cee724c3') in 0.003642 seconds 
  Import took 0.006153 seconds .

========================================================================
Received Import Request.
  Time since last request: 0.000222 seconds.
  path: Packages/com.unity.probuilder/Content/Icons/Toolbar/AltButton_Normal.png
  artifactKey: Guid(c175d9b0ccfa2428ea936c9c6b654bd1) Importer(815301076,1909f56bfc062723c751e8b465ee728b)
Start importing Packages/com.unity.probuilder/Content/Icons/Toolbar/AltButton_Normal.png using Guid(c175d9b0ccfa2428ea936c9c6b654bd1) Importer(815301076,1909f56bfc062723c751e8b465ee728b)  -> (artifact id: '82a6f009e544f97f5620711b15e859bb') in 0.003718 seconds 
  Import took 0.006842 seconds .

========================================================================
Received Import Request.
  Time since last request: 0.000243 seconds.
  path: Packages/com.unity.probuilder/Content/Icons/Toolbar/AltButton_Pressed.png
  artifactKey: Guid(2306494ea7af64c58819a58d4396773f) Importer(815301076,1909f56bfc062723c751e8b465ee728b)
Start importing Packages/com.unity.probuilder/Content/Icons/Toolbar/AltButton_Pressed.png using Guid(2306494ea7af64c58819a58d4396773f) Importer(815301076,1909f56bfc062723c751e8b465ee728b)  -> (artifact id: 'f69dfc83fe8dd9c21481eb2c3e49747e') in 0.009065 seconds 
  Import took 0.012076 seconds .

========================================================================
Received Import Request.
  Time since last request: 66.334566 seconds.
  path: Assets/Imported Assets/Mountain Terrain/Texture/Ambient Occlusion Map from Mesh DefaultMaterial.png
  artifactKey: Guid(08788e3db420846499cfa804278f3486) Importer(815301076,1909f56bfc062723c751e8b465ee728b)
Start importing Assets/Imported Assets/Mountain Terrain/Texture/Ambient Occlusion Map from Mesh DefaultMaterial.png using Guid(08788e3db420846499cfa804278f3486) Importer(815301076,1909f56bfc062723c751e8b465ee728b)  -> (artifact id: '0006aee1613621ea2e9c86fd447fafbd') in 0.053471 seconds 
  Import took 0.056872 seconds .

========================================================================
Received Import Request.
  Time since last request: 0.000224 seconds.
  path: Assets/TextMesh Pro/Examples & Extras/Resources/Fonts & Materials/Anton SDF.asset
  artifactKey: Guid(8a89fa14b10d46a99122fd4f73fca9a2) Importer(815301076,1909f56bfc062723c751e8b465ee728b)
Start importing Assets/TextMesh Pro/Examples & Extras/Resources/Fonts & Materials/Anton SDF.asset using Guid(8a89fa14b10d46a99122fd4f73fca9a2) Importer(815301076,1909f56bfc062723c751e8b465ee728b)  -> (artifact id: '89f74535dbbe80d820aad8820167369b') in 0.056949 seconds 
  Import took 0.059633 seconds .

========================================================================
Received Import Request.
  Time since last request: 0.000236 seconds.
  path: Assets/Imported Assets/Shotgun/Assets/Textures/Attachments/Attachments_AO.png
  artifactKey: Guid(fafdb2e20680d5248bf2170862530aa5) Importer(815301076,1909f56bfc062723c751e8b465ee728b)
Start importing Assets/Imported Assets/Shotgun/Assets/Textures/Attachments/Attachments_AO.png using Guid(fafdb2e20680d5248bf2170862530aa5) Importer(815301076,1909f56bfc062723c751e8b465ee728b)  -> (artifact id: '30c3ab4976405f962da3ba90c78a9360') in 0.033347 seconds 
  Import took 0.035942 seconds .

========================================================================
Received Import Request.
  Time since last request: 0.000205 seconds.
  path: Assets/Imported Assets/Shotgun/Assets/Textures/Attachments/Attachments_Albedo.png
  artifactKey: Guid(5c173ab5d7ce7344a8f8e089d83156ee) Importer(815301076,1909f56bfc062723c751e8b465ee728b)
Start importing Assets/Imported Assets/Shotgun/Assets/Textures/Attachments/Attachments_Albedo.png using Guid(5c173ab5d7ce7344a8f8e089d83156ee) Importer(815301076,1909f56bfc062723c751e8b465ee728b)  -> (artifact id: '183dcdc6316e326f9f61c717e596cc31') in 0.005839 seconds 
  Import took 0.008387 seconds .

========================================================================
Received Import Request.
  Time since last request: 0.153895 seconds.
  path: Assets/Imported Assets/Shotgun/Assets/Textures/Attachments/Attachments_MetalSmooth.png
  artifactKey: Guid(f17c3017def24014888e64d27731419a) Importer(815301076,1909f56bfc062723c751e8b465ee728b)
Start importing Assets/Imported Assets/Shotgun/Assets/Textures/Attachments/Attachments_MetalSmooth.png using Guid(f17c3017def24014888e64d27731419a) Importer(815301076,1909f56bfc062723c751e8b465ee728b)  -> (artifact id: '10c312e6c234413a6efb41e58917addc') in 0.007620 seconds 
  Import took 0.010494 seconds .

========================================================================
Received Import Request.
  Time since last request: 0.000229 seconds.
  path: Assets/Imported Assets/Warehouse Kit/Art/Textures/Skybox/Back.png
  artifactKey: Guid(1227708538876854fa69e8d12b770599) Importer(815301076,1909f56bfc062723c751e8b465ee728b)
Start importing Assets/Imported Assets/Warehouse Kit/Art/Textures/Skybox/Back.png using Guid(1227708538876854fa69e8d12b770599) Importer(815301076,1909f56bfc062723c751e8b465ee728b)  -> (artifact id: 'a54ed2af42763528110d48fdd89c36be') in 0.053195 seconds 
  Import took 0.055882 seconds .

========================================================================
Received Import Request.
  Time since last request: 0.000258 seconds.
  path: Packages/com.unity.collab-proxy/Editor/Collaborate/Assets/Icons/back-light@2x.png
  artifactKey: Guid(f5c57327df0fa294c8209aa216435167) Importer(815301076,1909f56bfc062723c751e8b465ee728b)
Start importing Packages/com.unity.collab-proxy/Editor/Collaborate/Assets/Icons/back-light@2x.png using Guid(f5c57327df0fa294c8209aa216435167) Importer(815301076,1909f56bfc062723c751e8b465ee728b)  -> (artifact id: 'b1c390f95f55fac54b3eccd3dc5453d4') in 0.003397 seconds 
  Import took 0.005874 seconds .

========================================================================
Received Import Request.
  Time since last request: 0.000226 seconds.
  path: Assets/Imported Assets/Shotgun/Assets/Textures/Attachments/Attachments_Norma.png
  artifactKey: Guid(7248130cab3112744b62f98bf85a77d0) Importer(815301076,1909f56bfc062723c751e8b465ee728b)
Start importing Assets/Imported Assets/Shotgun/Assets/Textures/Attachments/Attachments_Norma.png using Guid(7248130cab3112744b62f98bf85a77d0) Importer(815301076,1909f56bfc062723c751e8b465ee728b)  -> (artifact id: '6b3d2e3a4c46c6e9d4935ae2c6205817') in 0.007168 seconds 
  Import took 0.009857 seconds .

========================================================================
Received Import Request.
  Time since last request: 0.000172 seconds.
  path: Packages/com.unity.collab-proxy/Editor/Collaborate/Assets/Icons/back-dark.png
  artifactKey: Guid(8e3ec2dfd58b79842aa78376678a9a05) Importer(815301076,1909f56bfc062723c751e8b465ee728b)
Start importing Packages/com.unity.collab-proxy/Editor/Collaborate/Assets/Icons/back-dark.png using Guid(8e3ec2dfd58b79842aa78376678a9a05) Importer(815301076,1909f56bfc062723c751e8b465ee728b)  -> (artifact id: '127678247baa4e2d12cae1e3220d77df') in 0.004135 seconds 
  Import took 0.006946 seconds .

========================================================================
Received Import Request.
  Time since last request: 0.000168 seconds.
  path: Assets/Standard Assets/2D/Sprites/BackgroundGreyGridSprite.png
  artifactKey: Guid(cbbabe9e292f5604897926494bb38fef) Importer(815301076,1909f56bfc062723c751e8b465ee728b)
Start importing Assets/Standard Assets/2D/Sprites/BackgroundGreyGridSprite.png using Guid(cbbabe9e292f5604897926494bb38fef) Importer(815301076,1909f56bfc062723c751e8b465ee728b)  -> (artifact id: '8dd061317c59dde3bea6aecab14463d9') in 0.013722 seconds 
  Import took 0.016701 seconds .

========================================================================
Received Import Request.
  Time since last request: 0.000171 seconds.
  path: Packages/com.unity.collab-proxy/Editor/Collaborate/Assets/Icons/back-dark@2x.png
  artifactKey: Guid(9c6313a5316f8a34b852bf94ff96e3ab) Importer(815301076,1909f56bfc062723c751e8b465ee728b)
Start importing Packages/com.unity.collab-proxy/Editor/Collaborate/Assets/Icons/back-dark@2x.png using Guid(9c6313a5316f8a34b852bf94ff96e3ab) Importer(815301076,1909f56bfc062723c751e8b465ee728b)  -> (artifact id: '567365e3854f9b4349f70a903f4a4de3') in 0.004083 seconds 
  Import took 0.006873 seconds .

========================================================================
Received Import Request.
  Time since last request: 0.000166 seconds.
  path: Packages/com.unity.collab-proxy/Editor/Collaborate/Assets/Icons/back-light.png
  artifactKey: Guid(e676ab7aa99535447a763c9f88bf9260) Importer(815301076,1909f56bfc062723c751e8b465ee728b)
Start importing Packages/com.unity.collab-proxy/Editor/Collaborate/Assets/Icons/back-light.png using Guid(e676ab7aa99535447a763c9f88bf9260) Importer(815301076,1909f56bfc062723c751e8b465ee728b)  -> (artifact id: 'acaf564ed6a48fa9befe24eb41804c08') in 0.003830 seconds 
  Import took 0.007163 seconds .

========================================================================
Received Import Request.
  Time since last request: 0.006760 seconds.
  path: Assets/Standard Assets/2D/Sprites/BackgroundNavyGridSprite.png
  artifactKey: Guid(1d0c184845252df44a655359de388cb8) Importer(815301076,1909f56bfc062723c751e8b465ee728b)
Start importing Assets/Standard Assets/2D/Sprites/BackgroundNavyGridSprite.png using Guid(1d0c184845252df44a655359de388cb8) Importer(815301076,1909f56bfc062723c751e8b465ee728b)  -> (artifact id: '8600bc0b5eb406cb8d883cb2437a32de') in 0.029722 seconds 
  Import took 0.032550 seconds .

========================================================================
Received Import Request.
  Time since last request: 0.000135 seconds.
  path: Packages/com.unity.probuilder/Content/About/Images/Banner.png
  artifactKey: Guid(a4156609cb9e84be5b5fafc60adeac6d) Importer(815301076,1909f56bfc062723c751e8b465ee728b)
Start importing Packages/com.unity.probuilder/Content/About/Images/Banner.png using Guid(a4156609cb9e84be5b5fafc60adeac6d) Importer(815301076,1909f56bfc062723c751e8b465ee728b)  -> (artifact id: 'c8659ea79f31f35183aa8b62cba6335b') in 0.025758 seconds 
  Import took 0.028935 seconds .

========================================================================
Received Import Request.
  Time since last request: 0.000213 seconds.
  path: Packages/com.unity.probuilder/Content/About/Images/Banner_Hover.png
  artifactKey: Guid(c012858f9c644432a934c73ca6083da1) Importer(815301076,1909f56bfc062723c751e8b465ee728b)
Start importing Packages/com.unity.probuilder/Content/About/Images/Banner_Hover.png using Guid(c012858f9c644432a934c73ca6083da1) Importer(815301076,1909f56bfc062723c751e8b465ee728b)  -> (artifact id: 'c565e54dd16564d617209b8669d6cddf') in 0.019854 seconds 
  Import took 0.022655 seconds .

========================================================================
Received Import Request.
  Time since last request: 0.000194 seconds.
  path: Assets/TextMesh Pro/Examples & Extras/Resources/Fonts & Materials/Bangers SDF.asset
  artifactKey: Guid(125cb55b44b24c4393181402bc6200e6) Importer(815301076,1909f56bfc062723c751e8b465ee728b)
Start importing Assets/TextMesh Pro/Examples & Extras/Resources/Fonts & Materials/Bangers SDF.asset using Guid(125cb55b44b24c4393181402bc6200e6) Importer(815301076,1909f56bfc062723c751e8b465ee728b)  -> (artifact id: '6ba1bb398137a00be6e06e68b72b365d') in 0.010498 seconds 
  Import took 0.013940 seconds .

========================================================================
Received Import Request.
  Time since last request: 0.529263 seconds.
  path: Packages/com.unity.progrids/GUI/About/Banner_Hover.png
  artifactKey: Guid(486dab38d60e39c4bba48408a15fd1c7) Importer(815301076,1909f56bfc062723c751e8b465ee728b)
Start importing Packages/com.unity.progrids/GUI/About/Banner_Hover.png using Guid(486dab38d60e39c4bba48408a15fd1c7) Importer(815301076,1909f56bfc062723c751e8b465ee728b)  -> (artifact id: 'd3fbdcc16d20c2b32e7ed0af5063d118') in 0.021193 seconds 
  Import took 0.024300 seconds .

========================================================================
Received Import Request.
  Time since last request: 0.000321 seconds.
  path: Packages/com.unity.probuilder/Content/About/Images/Banner_Normal.png
  artifactKey: Guid(f65aa2ea5b9f142f79b8c7c07add93f0) Importer(815301076,1909f56bfc062723c751e8b465ee728b)
Start importing Packages/com.unity.probuilder/Content/About/Images/Banner_Normal.png using Guid(f65aa2ea5b9f142f79b8c7c07add93f0) Importer(815301076,1909f56bfc062723c751e8b465ee728b)  -> (artifact id: '73bb3155ac9bb6b520fe70b79de315c7') in 0.026153 seconds 
  Import took 0.028913 seconds .

========================================================================
Received Import Request.
  Time since last request: 0.000219 seconds.
  path: Packages/com.unity.progrids/GUI/About/Banner_Normal.png
  artifactKey: Guid(e5edc186bba23834893d56ad1599a8e7) Importer(815301076,1909f56bfc062723c751e8b465ee728b)
Start importing Packages/com.unity.progrids/GUI/About/Banner_Normal.png using Guid(e5edc186bba23834893d56ad1599a8e7) Importer(815301076,1909f56bfc062723c751e8b465ee728b)  -> (artifact id: 'bf8ae50ff79f79eaf28897b83d0a7af1') in 0.013564 seconds 
  Import took 0.016655 seconds .

========================================================================
Received Import Request.
  Time since last request: 0.000207 seconds.
  path: Assets/Imported Assets/Crate Barrels/models/Materials/barrel-1_NORMAL.tga
  artifactKey: Guid(bd90300ed5df4154583a54f75616d791) Importer(815301076,1909f56bfc062723c751e8b465ee728b)
Start importing Assets/Imported Assets/Crate Barrels/models/Materials/barrel-1_NORMAL.tga using Guid(bd90300ed5df4154583a54f75616d791) Importer(815301076,1909f56bfc062723c751e8b465ee728b)  -> (artifact id: '06051c0f73029b206e10d2a418b9d33e') in 0.036235 seconds 
  Import took 0.039450 seconds .

========================================================================
Received Import Request.
  Time since last request: 0.000237 seconds.
  path: Assets/Imported Assets/Crate Barrels/models/Materials/barrel-1.tga
  artifactKey: Guid(cafe26883a6a7ca47986198e7de5853a) Importer(815301076,1909f56bfc062723c751e8b465ee728b)
Start importing Assets/Imported Assets/Crate Barrels/models/Materials/barrel-1.tga using Guid(cafe26883a6a7ca47986198e7de5853a) Importer(815301076,1909f56bfc062723c751e8b465ee728b)  -> (artifact id: '61bfe12a1c2864d800b535e3f4e67b86') in 0.005118 seconds 
  Import took 0.007764 seconds .

========================================================================
Received Import Request.
  Time since last request: 0.000218 seconds.
  path: Assets/Imported Assets/Mountain Terrain/Trees/materials/bark07.png
  artifactKey: Guid(c0061ff844a9b2947b2bbd88ff564bba) Importer(815301076,1909f56bfc062723c751e8b465ee728b)
Start importing Assets/Imported Assets/Mountain Terrain/Trees/materials/bark07.png using Guid(c0061ff844a9b2947b2bbd88ff564bba) Importer(815301076,1909f56bfc062723c751e8b465ee728b)  -> (artifact id: 'f0dc021b049271977cdb11a3c6f9163a') in 0.030415 seconds 
  Import took 0.033213 seconds .

========================================================================
Received Import Request.
  Time since last request: 0.000216 seconds.
  path: Assets/Imported Assets/Mountain Terrain/Trees/materials/bark07_n.png
  artifactKey: Guid(d5839c241788dcd4880baaa26516fda5) Importer(815301076,1909f56bfc062723c751e8b465ee728b)
Start importing Assets/Imported Assets/Mountain Terrain/Trees/materials/bark07_n.png using Guid(d5839c241788dcd4880baaa26516fda5) Importer(815301076,1909f56bfc062723c751e8b465ee728b)  -> (artifact id: 'df817e30343969468b4a027632d84416') in 0.024042 seconds 
  Import took 0.027072 seconds .

========================================================================
Received Import Request.
  Time since last request: 0.000194 seconds.
  path: Assets/Imported Assets/Mountain Terrain/Trees/materials/bark07_s.png
  artifactKey: Guid(4e59ef115bff12442b28a755fd77a074) Importer(815301076,1909f56bfc062723c751e8b465ee728b)
Start importing Assets/Imported Assets/Mountain Terrain/Trees/materials/bark07_s.png using Guid(4e59ef115bff12442b28a755fd77a074) Importer(815301076,1909f56bfc062723c751e8b465ee728b)  -> (artifact id: '56124c574841b6b7cd312c22a0c79a0a') in 0.023260 seconds 
  Import took 0.026255 seconds .

========================================================================
Received Import Request.
  Time since last request: 0.000227 seconds.
  path: Assets/Imported Assets/Mountain Terrain/Trees/materials/bark07_n.png
  artifactKey: Guid(d5839c241788dcd4880baaa26516fda5) Importer(815301076,1909f56bfc062723c751e8b465ee728b)
Start importing Assets/Imported Assets/Mountain Terrain/Trees/materials/bark07_n.png using Guid(d5839c241788dcd4880baaa26516fda5) Importer(815301076,1909f56bfc062723c751e8b465ee728b)  -> (artifact id: 'df817e30343969468b4a027632d84416') in 0.006222 seconds 
  Import took 0.009011 seconds .

========================================================================
Received Import Request.
  Time since last request: 0.000213 seconds.
  path: Assets/Imported Assets/Mountain Terrain/Trees/materials/bark07_s.png
  artifactKey: Guid(4e59ef115bff12442b28a755fd77a074) Importer(815301076,1909f56bfc062723c751e8b465ee728b)
Start importing Assets/Imported Assets/Mountain Terrain/Trees/materials/bark07_s.png using Guid(4e59ef115bff12442b28a755fd77a074) Importer(815301076,1909f56bfc062723c751e8b465ee728b)  -> (artifact id: '56124c574841b6b7cd312c22a0c79a0a') in 0.004973 seconds 
  Import took 0.007935 seconds .

========================================================================
Received Import Request.
  Time since last request: 0.000202 seconds.
  path: Assets/Imported Assets/Crate Barrels/models/Materials/barrel-2.tga
  artifactKey: Guid(bfcfab83c58b1ac40a6bfc6a8eda5d0d) Importer(815301076,1909f56bfc062723c751e8b465ee728b)
Start importing Assets/Imported Assets/Crate Barrels/models/Materials/barrel-2.tga using Guid(bfcfab83c58b1ac40a6bfc6a8eda5d0d) Importer(815301076,1909f56bfc062723c751e8b465ee728b)  -> (artifact id: '0f1955dc6ff4d8172d7482d9f4398c64') in 0.005934 seconds 
  Import took 0.008728 seconds .

========================================================================
Received Import Request.
  Time since last request: 0.000144 seconds.
  path: Assets/Imported Assets/Crate Barrels/models/Materials/barrel-1_specular.tga
  artifactKey: Guid(9919a4df0149dfe4a92e8f3a53a297c5) Importer(815301076,1909f56bfc062723c751e8b465ee728b)
Start importing Assets/Imported Assets/Crate Barrels/models/Materials/barrel-1_specular.tga using Guid(9919a4df0149dfe4a92e8f3a53a297c5) Importer(815301076,1909f56bfc062723c751e8b465ee728b)  -> (artifact id: 'a993b55e10b6237b4c9bc0c26be25c8c') in 0.005475 seconds 
  Import took 0.008239 seconds .

========================================================================
Received Import Request.
  Time since last request: 0.000148 seconds.
  path: Assets/Imported Assets/Crate Barrels/models/Materials/barrel-2_specular.tga
  artifactKey: Guid(22dbef39a271f8044803347c88b620a6) Importer(815301076,1909f56bfc062723c751e8b465ee728b)
Start importing Assets/Imported Assets/Crate Barrels/models/Materials/barrel-2_specular.tga using Guid(22dbef39a271f8044803347c88b620a6) Importer(815301076,1909f56bfc062723c751e8b465ee728b)  -> (artifact id: '6835f97f87ba1cac3c98cf1a17058978') in 0.022976 seconds 
  Import took 0.026069 seconds .

========================================================================
Received Import Request.
  Time since last request: 0.000266 seconds.
  path: Assets/Imported Assets/Crate Barrels/models/Materials/barrel-2_NORMAL.tga
  artifactKey: Guid(932026b4b0079f444b0e1d199dcfbf1d) Importer(815301076,1909f56bfc062723c751e8b465ee728b)
Start importing Assets/Imported Assets/Crate Barrels/models/Materials/barrel-2_NORMAL.tga using Guid(932026b4b0079f444b0e1d199dcfbf1d) Importer(815301076,1909f56bfc062723c751e8b465ee728b)  -> (artifact id: 'a9f6c01a5e7cb944e7d5447c840727be') in 0.016700 seconds 
  Import took 0.019737 seconds .

========================================================================
Received Import Request.
  Time since last request: 0.336959 seconds.
  path: Assets/Imported Assets/Crate Barrels/models/Materials/barrel-3.tga
  artifactKey: Guid(0cd0426eeabc718488c838edaccab6cd) Importer(815301076,1909f56bfc062723c751e8b465ee728b)
Start importing Assets/Imported Assets/Crate Barrels/models/Materials/barrel-3.tga using Guid(0cd0426eeabc718488c838edaccab6cd) Importer(815301076,1909f56bfc062723c751e8b465ee728b)  -> (artifact id: 'dace12af3c4c94284f4f39a52bc5961c') in 0.034194 seconds 
  Import took 0.037277 seconds .

========================================================================
Received Import Request.
  Time since last request: 0.000171 seconds.
  path: Assets/Imported Assets/Warehouse Kit/Art/Textures/barrel_a.png
  artifactKey: Guid(96747c193717fa74cbc6dfd9a64bc185) Importer(815301076,1909f56bfc062723c751e8b465ee728b)
Start importing Assets/Imported Assets/Warehouse Kit/Art/Textures/barrel_a.png using Guid(96747c193717fa74cbc6dfd9a64bc185) Importer(815301076,1909f56bfc062723c751e8b465ee728b)  -> (artifact id: 'f6f64f4740589d923f4a7918c8097064') in 0.005473 seconds 
  Import took 0.008135 seconds .

========================================================================
Received Import Request.
  Time since last request: 0.000162 seconds.
  path: Assets/Imported Assets/Crate Barrels/models/Materials/barrel-3_NORMAL.tga
  artifactKey: Guid(9878c80cc4b67224791c2951bf33567d) Importer(815301076,1909f56bfc062723c751e8b465ee728b)
Start importing Assets/Imported Assets/Crate Barrels/models/Materials/barrel-3_NORMAL.tga using Guid(9878c80cc4b67224791c2951bf33567d) Importer(815301076,1909f56bfc062723c751e8b465ee728b)  -> (artifact id: '7eaa7dfecf7c3aed7e56836a2966bff2') in 0.005210 seconds 
  Import took 0.008315 seconds .

========================================================================
Received Import Request.
  Time since last request: 0.000161 seconds.
  path: Assets/Imported Assets/Crate Barrels/models/Materials/barrel-3.tga
  artifactKey: Guid(0cd0426eeabc718488c838edaccab6cd) Importer(815301076,1909f56bfc062723c751e8b465ee728b)
Start importing Assets/Imported Assets/Crate Barrels/models/Materials/barrel-3.tga using Guid(0cd0426eeabc718488c838edaccab6cd) Importer(815301076,1909f56bfc062723c751e8b465ee728b)  -> (artifact id: 'dace12af3c4c94284f4f39a52bc5961c') in 0.008795 seconds 
  Import took 0.011799 seconds .

========================================================================
Received Import Request.
  Time since last request: 0.000148 seconds.
  path: Assets/Imported Assets/Crate Barrels/models/Materials/barrel-3_specular.tga
  artifactKey: Guid(63ddcdf1ddcb8a342b7ef44f2482e85e) Importer(815301076,1909f56bfc062723c751e8b465ee728b)
Start importing Assets/Imported Assets/Crate Barrels/models/Materials/barrel-3_specular.tga using Guid(63ddcdf1ddcb8a342b7ef44f2482e85e) Importer(815301076,1909f56bfc062723c751e8b465ee728b)  -> (artifact id: '5a74031f0373f6dd153f73224aaa9a6c') in 0.026592 seconds 
  Import took 0.029468 seconds .

========================================================================
Received Import Request.
  Time since last request: 19.688703 seconds.
  path: Assets/Prefabs/Weapons/Carbine.prefab
  artifactKey: Guid(6658821bfe67bdb4a9bcd424cf498fb7) Importer(815301076,1909f56bfc062723c751e8b465ee728b)
Start importing Assets/Prefabs/Weapons/Carbine.prefab using Guid(6658821bfe67bdb4a9bcd424cf498fb7) Importer(815301076,1909f56bfc062723c751e8b465ee728b)  -> (artifact id: '61c004b1c4d27d19726353e44e995ee9') in 0.011376 seconds 
  Import took 0.014914 seconds .

========================================================================
Received Import Request.
  Time since last request: 2.803279 seconds.
  path: Assets/Prefabs/Weapons/Carbine.prefab
  artifactKey: Guid(6658821bfe67bdb4a9bcd424cf498fb7) Importer(815301076,1909f56bfc062723c751e8b465ee728b)
Start importing Assets/Prefabs/Weapons/Carbine.prefab using Guid(6658821bfe67bdb4a9bcd424cf498fb7) Importer(815301076,1909f56bfc062723c751e8b465ee728b)  -> (artifact id: '6c458b28a0fb556621b35a9b001851ab') in 0.011542 seconds 
  Import took 0.015039 seconds .

========================================================================
Received Import Request.
  Time since last request: 9.254164 seconds.
  path: Assets/Prefabs/Weapons/Carbine.prefab
  artifactKey: Guid(6658821bfe67bdb4a9bcd424cf498fb7) Importer(815301076,1909f56bfc062723c751e8b465ee728b)
Start importing Assets/Prefabs/Weapons/Carbine.prefab using Guid(6658821bfe67bdb4a9bcd424cf498fb7) Importer(815301076,1909f56bfc062723c751e8b465ee728b)  -> (artifact id: '3b17dd8f1ca8f3664c84ea5e1a0b1c61') in 0.011337 seconds 
  Import took 0.014891 seconds .

========================================================================
Received Import Request.
  Time since last request: 4.025810 seconds.
  path: Assets/Prefabs/Weapons/Carbine.prefab
  artifactKey: Guid(6658821bfe67bdb4a9bcd424cf498fb7) Importer(815301076,1909f56bfc062723c751e8b465ee728b)
Start importing Assets/Prefabs/Weapons/Carbine.prefab using Guid(6658821bfe67bdb4a9bcd424cf498fb7) Importer(815301076,1909f56bfc062723c751e8b465ee728b)  -> (artifact id: '578945f0e64d222fe15d197ff6e17780') in 0.011249 seconds 
  Import took 0.014840 seconds .

========================================================================
Received Import Request.
  Time since last request: 7.035010 seconds.
  path: Assets/Prefabs/Weapons/Carbine.prefab
  artifactKey: Guid(6658821bfe67bdb4a9bcd424cf498fb7) Importer(815301076,1909f56bfc062723c751e8b465ee728b)
Start importing Assets/Prefabs/Weapons/Carbine.prefab using Guid(6658821bfe67bdb4a9bcd424cf498fb7) Importer(815301076,1909f56bfc062723c751e8b465ee728b)  -> (artifact id: '00d177c00ce45884e2fb6ea8dc3f077f') in 0.010665 seconds 
  Import took 0.014112 seconds .

========================================================================
Received Import Request.
  Time since last request: 8.666211 seconds.
  path: Assets/Prefabs/Weapons/Carbine.prefab
  artifactKey: Guid(6658821bfe67bdb4a9bcd424cf498fb7) Importer(815301076,1909f56bfc062723c751e8b465ee728b)
Start importing Assets/Prefabs/Weapons/Carbine.prefab using Guid(6658821bfe67bdb4a9bcd424cf498fb7) Importer(815301076,1909f56bfc062723c751e8b465ee728b)  -> (artifact id: '0a71269b513659f6a19063bd9d54f583') in 0.012415 seconds 
  Import took 0.015935 seconds .

========================================================================
Received Import Request.
  Time since last request: 4.600110 seconds.
  path: Assets/Prefabs/Weapons/Carbine.prefab
  artifactKey: Guid(6658821bfe67bdb4a9bcd424cf498fb7) Importer(815301076,1909f56bfc062723c751e8b465ee728b)
Start importing Assets/Prefabs/Weapons/Carbine.prefab using Guid(6658821bfe67bdb4a9bcd424cf498fb7) Importer(815301076,1909f56bfc062723c751e8b465ee728b)  -> (artifact id: '741f91b6d28ea12b94a9aa7462493e78') in 0.011198 seconds 
  Import took 0.014827 seconds .

========================================================================
Received Import Request.
  Time since last request: 500.334275 seconds.
  path: Assets/Prefabs/Audio/AR And Pistol Ammo.mp3
  artifactKey: Guid(f3ddc7a92023c0145891583b55c0045f) Importer(815301076,1909f56bfc062723c751e8b465ee728b)
Start importing Assets/Prefabs/Audio/AR And Pistol Ammo.mp3 using Guid(f3ddc7a92023c0145891583b55c0045f) Importer(815301076,1909f56bfc062723c751e8b465ee728b)  -> (artifact id: 'f5c6048a3e1e52aceeaeedfd49a9fd6a') in 0.009644 seconds 
  Import took 0.013211 seconds .

========================================================================
Received Import Request.
  Time since last request: 0.000160 seconds.
  path: Assets/Prefabs/Audio/Group-Of-Zombies-Growling-A1-www.fesliyanstudios.com.mp3
  artifactKey: Guid(f2b7ad4328a81a840b4752d7040df1fb) Importer(815301076,1909f56bfc062723c751e8b465ee728b)
Start importing Assets/Prefabs/Audio/Group-Of-Zombies-Growling-A1-www.fesliyanstudios.com.mp3 using Guid(f2b7ad4328a81a840b4752d7040df1fb) Importer(815301076,1909f56bfc062723c751e8b465ee728b)  -> (artifact id: '90012d1bbb6d5d8bb57a175023730780') in 0.005296 seconds 
  Import took 0.008355 seconds .

========================================================================
Received Import Request.
  Time since last request: 0.000382 seconds.
  path: Assets/Prefabs/Audio/Land.wav
  artifactKey: Guid(3b09d59f4499d45428baa7a21e954296) Importer(815301076,1909f56bfc062723c751e8b465ee728b)
Start importing Assets/Prefabs/Audio/Land.wav using Guid(3b09d59f4499d45428baa7a21e954296) Importer(815301076,1909f56bfc062723c751e8b465ee728b)  -> (artifact id: '23ad5a3fadde9515fe11dd14fa4ce2b9') in 0.007720 seconds 
  Import took 0.010766 seconds .

========================================================================
Received Import Request.
  Time since last request: 0.000162 seconds.
  path: Assets/Prefabs/Audio/AR And Pistol Ammo.mp3
  artifactKey: Guid(f3ddc7a92023c0145891583b55c0045f) Importer(815301076,1909f56bfc062723c751e8b465ee728b)
Start importing Assets/Prefabs/Audio/AR And Pistol Ammo.mp3 using Guid(f3ddc7a92023c0145891583b55c0045f) Importer(815301076,1909f56bfc062723c751e8b465ee728b)  -> (artifact id: 'f5c6048a3e1e52aceeaeedfd49a9fd6a') in 0.007531 seconds 
  Import took 0.010709 seconds .

========================================================================
Received Import Request.
  Time since last request: 0.000173 seconds.
  path: Assets/Prefabs/Audio/My Shotgun Audio.mp3
  artifactKey: Guid(cdefa0f8cae164b4fb258fffec538151) Importer(815301076,1909f56bfc062723c751e8b465ee728b)
Start importing Assets/Prefabs/Audio/My Shotgun Audio.mp3 using Guid(cdefa0f8cae164b4fb258fffec538151) Importer(815301076,1909f56bfc062723c751e8b465ee728b)  -> (artifact id: '9bb769d73734ab796b57c8f4a74b3f92') in 0.024878 seconds 
  Import took 0.028268 seconds .

========================================================================
Received Import Request.
  Time since last request: 0.000220 seconds.
  path: Assets/Prefabs/Audio/Zombie-Aggressive-Attack-A1-www.fesliyanstudios.com.mp3
  artifactKey: Guid(2951ad584404472449ce6eabd946c0a0) Importer(815301076,1909f56bfc062723c751e8b465ee728b)
Start importing Assets/Prefabs/Audio/Zombie-Aggressive-Attack-A1-www.fesliyanstudios.com.mp3 using Guid(2951ad584404472449ce6eabd946c0a0) Importer(815301076,1909f56bfc062723c751e8b465ee728b)  -> (artifact id: '974310f045548ec499382871aa08057b') in 0.005781 seconds 
  Import took 0.009026 seconds .

========================================================================
Received Import Request.
  Time since last request: 0.000307 seconds.
  path: Assets/Prefabs/Audio/Jump.wav
  artifactKey: Guid(5897aeed9b676024fbb8c694b421a861) Importer(815301076,1909f56bfc062723c751e8b465ee728b)
Start importing Assets/Prefabs/Audio/Jump.wav using Guid(5897aeed9b676024fbb8c694b421a861) Importer(815301076,1909f56bfc062723c751e8b465ee728b)  -> (artifact id: '0001653149b2b5ca020bbaacb20ec860') in 0.025767 seconds 
  Import took 0.028994 seconds .

========================================================================
Received Import Request.
  Time since last request: 0.000206 seconds.
  path: Assets/Prefabs/Audio/Footstep04.wav
  artifactKey: Guid(e9714160ce34f2b4ab63ff8c27bd68e1) Importer(815301076,1909f56bfc062723c751e8b465ee728b)
Start importing Assets/Prefabs/Audio/Footstep04.wav using Guid(e9714160ce34f2b4ab63ff8c27bd68e1) Importer(815301076,1909f56bfc062723c751e8b465ee728b)  -> (artifact id: 'd7b0d5982604dd3c0f53b1718237dea4') in 0.005643 seconds 
  Import took 0.008740 seconds .

========================================================================
Received Import Request.
  Time since last request: 0.000177 seconds.
  path: Assets/Prefabs/Audio/Death Audio.mp3
  artifactKey: Guid(7f2f4d308e1287b48a7c4414c7da43df) Importer(815301076,1909f56bfc062723c751e8b465ee728b)
Start importing Assets/Prefabs/Audio/Death Audio.mp3 using Guid(7f2f4d308e1287b48a7c4414c7da43df) Importer(815301076,1909f56bfc062723c751e8b465ee728b)  -> (artifact id: '7783fc480578dcf3d2ae8f4bd74acc66') in 0.026754 seconds 
  Import took 0.030014 seconds .

========================================================================
Received Import Request.
  Time since last request: 0.000158 seconds.
  path: Assets/Prefabs/Audio/Hit Audio.mp3
  artifactKey: Guid(556bd3bc426d2bf459e691e010b20bca) Importer(815301076,1909f56bfc062723c751e8b465ee728b)
Start importing Assets/Prefabs/Audio/Hit Audio.mp3 using Guid(556bd3bc426d2bf459e691e010b20bca) Importer(815301076,1909f56bfc062723c751e8b465ee728b)  -> (artifact id: '5817a76af2b6e8164eff4f3448657f72') in 0.005488 seconds 
  Import took 0.008431 seconds .

========================================================================
Received Prepare
Registering precompiled user dll's ...
Registered in 0.002374 seconds.
Begin MonoManager ReloadAssembly
Native extension for LinuxStandalone target not found
Native extension for WindowsStandalone target not found
Native extension for OSXStandalone target not found
Native extension for WebGL target not found
Refreshing native plugins compatible for Editor in 0.58 ms, found 2 plugins.
Preloading 0 native plugins for Editor in 0.00 ms.
Warning: Annotation not found!
UnityEngine.StackTraceUtility:ExtractStackTrace ()
UnityEditor.ProBuilder.EditorUtility:SetGizmoIconEnabled (System.Type,bool) (at Library/PackageCache/com.unity.probuilder@4.5.0/Editor/EditorCore/EditorUtility.cs:593)
UnityEditor.ProBuilder.HierarchyListener:.cctor () (at Library/PackageCache/com.unity.probuilder@4.5.0/Editor/EditorCore/HierarchyListener.cs:21)
System.Runtime.CompilerServices.RuntimeHelpers:RunClassConstructor (System.RuntimeTypeHandle)
UnityEditor.EditorAssemblies:ProcessInitializeOnLoadAttributes (System.Type[])

[Library/PackageCache/com.unity.probuilder@4.5.0/Editor/EditorCore/EditorUtility.cs line 593]

Mono: successfully reloaded assembly
- Completed reload, in  0.803 seconds
Platform modules already initialized, skipping
Refreshing native plugins compatible for Editor in 1.13 ms, found 2 plugins.
Preloading 0 native plugins for Editor in 0.00 ms.
Unloading 2020 Unused Serialized files (Serialized files now loaded: 0)
System memory in use before: 119.0 MB.
System memory in use after: 118.7 MB.

Unloading 19 unused Assets to reduce memory usage. Loaded Objects now: 2612.
Total: 2.828400 ms (FindLiveObjects: 0.202100 ms CreateObjectMapping: 0.062800 ms MarkObjects: 2.207600 ms  DeleteObjects: 0.354700 ms)

AssetImportParameters requested are different than current active one (requested -> active):
  custom:framework-win-MediaFoundation: 216162199b28c13a410421893ffa2e32 -> 
  custom:video-decoder-ogg-theora: a1e56fd34408186e4bbccfd4996cb3dc -> 
  custom:container-muxer-webm: aa71ff27fc2769a1b78a27578f13a17b -> 
  custom:container-demuxer-webm: 4f35f7cbe854078d1ac9338744f61a02 -> 
  custom:container-demuxer-ogg: 62fdf1f143b41e24485cea50d1cbac27 -> 
  custom:video-encoder-webm-vp8: eb34c28f22e8b96e1ab97ce403110664 -> 
  custom:video-decoder-webm-vp8: 9c59270c3fd7afecdb556c50c9e8de78 -> 
  custom:audio-decoder-ogg-vorbis: bf7c407c2cedff20999df2af8eb42d56 -> 
  custom:audio-encoder-webm-vorbis: bf7c407c2cedff20999df2af8eb42d56 -> 
========================================================================
Received Prepare
Registering precompiled user dll's ...
Registered in 0.002152 seconds.
Begin MonoManager ReloadAssembly
Native extension for LinuxStandalone target not found
Native extension for WindowsStandalone target not found
Native extension for OSXStandalone target not found
Native extension for WebGL target not found
Refreshing native plugins compatible for Editor in 0.56 ms, found 2 plugins.
Preloading 0 native plugins for Editor in 0.00 ms.
Warning: Annotation not found!
UnityEngine.StackTraceUtility:ExtractStackTrace ()
UnityEditor.ProBuilder.EditorUtility:SetGizmoIconEnabled (System.Type,bool) (at Library/PackageCache/com.unity.probuilder@4.5.0/Editor/EditorCore/EditorUtility.cs:593)
UnityEditor.ProBuilder.HierarchyListener:.cctor () (at Library/PackageCache/com.unity.probuilder@4.5.0/Editor/EditorCore/HierarchyListener.cs:21)
System.Runtime.CompilerServices.RuntimeHelpers:RunClassConstructor (System.RuntimeTypeHandle)
UnityEditor.EditorAssemblies:ProcessInitializeOnLoadAttributes (System.Type[])

[Library/PackageCache/com.unity.probuilder@4.5.0/Editor/EditorCore/EditorUtility.cs line 593]

Mono: successfully reloaded assembly
- Completed reload, in  0.766 seconds
Platform modules already initialized, skipping
Refreshing native plugins compatible for Editor in 1.11 ms, found 2 plugins.
Preloading 0 native plugins for Editor in 0.00 ms.
Unloading 2020 Unused Serialized files (Serialized files now loaded: 0)
System memory in use before: 119.0 MB.
System memory in use after: 118.8 MB.

Unloading 19 unused Assets to reduce memory usage. Loaded Objects now: 2615.
Total: 2.764100 ms (FindLiveObjects: 0.204200 ms CreateObjectMapping: 0.060100 ms MarkObjects: 2.157400 ms  DeleteObjects: 0.341700 ms)

AssetImportParameters requested are different than current active one (requested -> active):
  custom:framework-win-MediaFoundation: 216162199b28c13a410421893ffa2e32 -> 
  custom:video-decoder-ogg-theora: a1e56fd34408186e4bbccfd4996cb3dc -> 
  custom:container-muxer-webm: aa71ff27fc2769a1b78a27578f13a17b -> 
  custom:container-demuxer-webm: 4f35f7cbe854078d1ac9338744f61a02 -> 
  custom:container-demuxer-ogg: 62fdf1f143b41e24485cea50d1cbac27 -> 
  custom:video-encoder-webm-vp8: eb34c28f22e8b96e1ab97ce403110664 -> 
  custom:video-decoder-webm-vp8: 9c59270c3fd7afecdb556c50c9e8de78 -> 
  custom:audio-decoder-ogg-vorbis: bf7c407c2cedff20999df2af8eb42d56 -> 
  custom:audio-encoder-webm-vorbis: bf7c407c2cedff20999df2af8eb42d56 -> 
========================================================================
Received Prepare
Registering precompiled user dll's ...
Registered in 0.002807 seconds.
Begin MonoManager ReloadAssembly
Native extension for LinuxStandalone target not found
Native extension for WindowsStandalone target not found
Native extension for OSXStandalone target not found
Native extension for WebGL target not found
Refreshing native plugins compatible for Editor in 0.56 ms, found 2 plugins.
Preloading 0 native plugins for Editor in 0.00 ms.
Warning: Annotation not found!
UnityEngine.StackTraceUtility:ExtractStackTrace ()
UnityEditor.ProBuilder.EditorUtility:SetGizmoIconEnabled (System.Type,bool) (at Library/PackageCache/com.unity.probuilder@4.5.0/Editor/EditorCore/EditorUtility.cs:593)
UnityEditor.ProBuilder.HierarchyListener:.cctor () (at Library/PackageCache/com.unity.probuilder@4.5.0/Editor/EditorCore/HierarchyListener.cs:21)
System.Runtime.CompilerServices.RuntimeHelpers:RunClassConstructor (System.RuntimeTypeHandle)
UnityEditor.EditorAssemblies:ProcessInitializeOnLoadAttributes (System.Type[])

[Library/PackageCache/com.unity.probuilder@4.5.0/Editor/EditorCore/EditorUtility.cs line 593]

Mono: successfully reloaded assembly
- Completed reload, in  0.781 seconds
Platform modules already initialized, skipping
Refreshing native plugins compatible for Editor in 1.09 ms, found 2 plugins.
Preloading 0 native plugins for Editor in 0.00 ms.
Unloading 2020 Unused Serialized files (Serialized files now loaded: 0)
System memory in use before: 119.1 MB.
System memory in use after: 118.8 MB.

Unloading 19 unused Assets to reduce memory usage. Loaded Objects now: 2618.
Total: 2.802200 ms (FindLiveObjects: 0.205200 ms CreateObjectMapping: 0.062700 ms MarkObjects: 2.186000 ms  DeleteObjects: 0.347400 ms)

AssetImportParameters requested are different than current active one (requested -> active):
  custom:framework-win-MediaFoundation: 216162199b28c13a410421893ffa2e32 -> 
  custom:video-decoder-ogg-theora: a1e56fd34408186e4bbccfd4996cb3dc -> 
  custom:container-muxer-webm: aa71ff27fc2769a1b78a27578f13a17b -> 
  custom:container-demuxer-webm: 4f35f7cbe854078d1ac9338744f61a02 -> 
  custom:container-demuxer-ogg: 62fdf1f143b41e24485cea50d1cbac27 -> 
  custom:video-encoder-webm-vp8: eb34c28f22e8b96e1ab97ce403110664 -> 
  custom:video-decoder-webm-vp8: 9c59270c3fd7afecdb556c50c9e8de78 -> 
  custom:audio-decoder-ogg-vorbis: bf7c407c2cedff20999df2af8eb42d56 -> 
  custom:audio-encoder-webm-vorbis: bf7c407c2cedff20999df2af8eb42d56 -> 
AssetImportWorkerClient::OnTransportError - code=2 error=End of file
